This is XeTeX, Version 3.141592653-2.6-0.999995 (TeX Live 2023) (preloaded format=xelatex 2026.4.12)  12 APR 2026 21:46
entering extended mode
 restricted \write18 enabled.
 %&-line parsing enabled.
**report_full2.tex
(./report_full2.tex
LaTeX2e <2022-11-01> patch level 1
L3 programming layer <2023-02-22>
(/usr/share/texlive/texmf-dist/tex/latex/base/article.cls
Document Class: article 2022/07/02 v1.4n Standard LaTeX document class
(/usr/share/texlive/texmf-dist/tex/latex/base/size12.clo
File: size12.clo 2022/07/02 v1.4n Standard LaTeX file (size option)
)
\c@part=\count181
\c@section=\count182
\c@subsection=\count183
\c@subsubsection=\count184
\c@paragraph=\count185
\c@subparagraph=\count186
\c@figure=\count187
\c@table=\count188
\abovecaptionskip=\skip48
\belowcaptionskip=\skip49
\bibindent=\dimen140
)
(/usr/share/texlive/texmf-dist/tex/latex/xcolor/xcolor.sty
Package: xcolor 2022/06/12 v2.14 LaTeX color extensions (UK)

(/usr/share/texlive/texmf-dist/tex/latex/graphics-cfg/color.cfg
File: color.cfg 2016/01/02 v1.6 sample color configuration
)
Package xcolor Info: Driver file: xetex.def on input line 227.

(/usr/share/texlive/texmf-dist/tex/latex/graphics-def/xetex.def
File: xetex.def 2022/09/22 v5.0n Graphics/color driver for xetex
)
(/usr/share/texlive/texmf-dist/tex/latex/graphics/mathcolor.ltx)
Package xcolor Info: Model `cmy' substituted by `cmy0' on input line 1353.
Package xcolor Info: Model `RGB' extended on input line 1369.
Package xcolor Info: Model `HTML' substituted by `rgb' on input line 1371.
Package xcolor Info: Model `Hsb' substituted by `hsb' on input line 1372.
Package xcolor Info: Model `tHsb' substituted by `hsb' on input line 1373.
Package xcolor Info: Model `HSB' substituted by `hsb' on input line 1374.
Package xcolor Info: Model `Gray' substituted by `gray' on input line 1375.
Package xcolor Info: Model `wave' substituted by `hsb' on input line 1376.

(/usr/share/texlive/texmf-dist/tex/latex/graphics/dvipsnam.def
File: dvipsnam.def 2016/06/17 v3.0m Driver-dependent file (DPC,SPQR)
)
(/usr/share/texlive/texmf-dist/tex/latex/xcolor/svgnam.def
File: svgnam.def 2022/06/12 v2.14 Predefined colors according to SVG 1.1 (UK)
)
(/usr/share/texlive/texmf-dist/tex/latex/xcolor/x11nam.def
File: x11nam.def 2022/06/12 v2.14 Predefined colors according to Unix/X11 (UK)
))
(/usr/share/texlive/texmf-dist/tex/latex/geometry/geometry.sty
Package: geometry 2020/01/02 v5.9 Page Geometry

(/usr/share/texlive/texmf-dist/tex/latex/graphics/keyval.sty
Package: keyval 2022/05/29 v1.15 key=value parser (DPC)
\KV@toks@=\toks16
)
(/usr/share/texlive/texmf-dist/tex/generic/iftex/ifvtex.sty
Package: ifvtex 2019/10/25 v1.7 ifvtex legacy package. Use iftex instead.

(/usr/share/texlive/texmf-dist/tex/generic/iftex/iftex.sty
Package: iftex 2022/02/03 v1.0f TeX engine tests
))
\Gm@cnth=\count189
\Gm@cntv=\count190
\c@Gm@tempcnt=\count191
\Gm@bindingoffset=\dimen141
\Gm@wd@mp=\dimen142
\Gm@odd@mp=\dimen143
\Gm@even@mp=\dimen144
\Gm@layoutwidth=\dimen145
\Gm@layoutheight=\dimen146
\Gm@layouthoffset=\dimen147
\Gm@layoutvoffset=\dimen148
\Gm@dimlist=\toks17
)
(/usr/share/texlive/texmf-dist/tex/latex/amsmath/amsmath.sty
Package: amsmath 2022/04/08 v2.17n AMS math features
\@mathmargin=\skip50

For additional information on amsmath, use the `?' option.
(/usr/share/texlive/texmf-dist/tex/latex/amsmath/amstext.sty
Package: amstext 2021/08/26 v2.01 AMS text

(/usr/share/texlive/texmf-dist/tex/latex/amsmath/amsgen.sty
File: amsgen.sty 1999/11/30 v2.0 generic functions
\@emptytoks=\toks18
\ex@=\dimen149
))
(/usr/share/texlive/texmf-dist/tex/latex/amsmath/amsbsy.sty
Package: amsbsy 1999/11/29 v1.2d Bold Symbols
\pmbraise@=\dimen150
)
(/usr/share/texlive/texmf-dist/tex/latex/amsmath/amsopn.sty
Package: amsopn 2022/04/08 v2.04 operator names
)
\inf@bad=\count192
LaTeX Info: Redefining \frac on input line 234.
\uproot@=\count193
\leftroot@=\count194
LaTeX Info: Redefining \overline on input line 399.
LaTeX Info: Redefining \colon on input line 410.
\classnum@=\count195
\DOTSCASE@=\count196
LaTeX Info: Redefining \ldots on input line 496.
LaTeX Info: Redefining \dots on input line 499.
LaTeX Info: Redefining \cdots on input line 620.
\Mathstrutbox@=\box51
\strutbox@=\box52
LaTeX Info: Redefining \big on input line 722.
LaTeX Info: Redefining \Big on input line 723.
LaTeX Info: Redefining \bigg on input line 724.
LaTeX Info: Redefining \Bigg on input line 725.
\big@size=\dimen151
LaTeX Font Info:    Redeclaring font encoding OML on input line 743.
LaTeX Font Info:    Redeclaring font encoding OMS on input line 744.
\macc@depth=\count197
LaTeX Info: Redefining \bmod on input line 905.
LaTeX Info: Redefining \pmod on input line 910.
LaTeX Info: Redefining \smash on input line 940.
LaTeX Info: Redefining \relbar on input line 970.
LaTeX Info: Redefining \Relbar on input line 971.
\c@MaxMatrixCols=\count198
\dotsspace@=\muskip16
\c@parentequation=\count199
\dspbrk@lvl=\count266
\tag@help=\toks19
\row@=\count267
\column@=\count268
\maxfields@=\count269
\andhelp@=\toks20
\eqnshift@=\dimen152
\alignsep@=\dimen153
\tagshift@=\dimen154
\tagwidth@=\dimen155
\totwidth@=\dimen156
\lineht@=\dimen157
\@envbody=\toks21
\multlinegap=\skip51
\multlinetaggap=\skip52
\mathdisplay@stack=\toks22
LaTeX Info: Redefining \[ on input line 2953.
LaTeX Info: Redefining \] on input line 2954.
)
(/usr/share/texlive/texmf-dist/tex/latex/amsfonts/amssymb.sty
Package: amssymb 2013/01/14 v3.01 AMS font symbols

(/usr/share/texlive/texmf-dist/tex/latex/amsfonts/amsfonts.sty
Package: amsfonts 2013/01/14 v3.01 Basic AMSFonts support
\symAMSa=\mathgroup4
\symAMSb=\mathgroup5
LaTeX Font Info:    Redeclaring math symbol \hbar on input line 98.
LaTeX Font Info:    Overwriting math alphabet `\mathfrak' in version `bold'
(Font)                  U/euf/m/n --> U/euf/b/n on input line 106.
))
(/usr/share/texlive/texmf-dist/tex/latex/unicode-math/unicode-math.sty
(/usr/share/texlive/texmf-dist/tex/latex/l3kernel/expl3.sty
Package: expl3 2023-02-22 L3 programming layer (loader) 

(/usr/share/texlive/texmf-dist/tex/latex/l3backend/l3backend-xetex.def
File: l3backend-xetex.def 2023-01-16 L3 backend support: XeTeX
\g__graphics_track_int=\count270
\l__pdf_internal_box=\box53
\g__pdf_backend_object_int=\count271
\g__pdf_backend_annotation_int=\count272
\g__pdf_backend_link_int=\count273
))
Package: unicode-math 2020/01/31 v0.8q Unicode maths in XeLaTeX and LuaLaTeX

(/usr/share/texlive/texmf-dist/tex/latex/unicode-math/unicode-math-xetex.sty
Package: unicode-math-xetex 2020/01/31 v0.8q Unicode maths in XeLaTeX and LuaLa
TeX

(/usr/share/texlive/texmf-dist/tex/latex/l3packages/xparse/xparse.sty
Package: xparse 2023-02-02 L3 Experimental document command parser
)
(/usr/share/texlive/texmf-dist/tex/latex/l3packages/l3keys2e/l3keys2e.sty
Package: l3keys2e 2023-02-02 LaTeX2e option processing using LaTeX3 keys
)
(/usr/share/texlive/texmf-dist/tex/latex/fontspec/fontspec.sty
Package: fontspec 2022/01/15 v2.8a Font selection for XeLaTeX and LuaLaTeX

(/usr/share/texlive/texmf-dist/tex/latex/fontspec/fontspec-xetex.sty
Package: fontspec-xetex 2022/01/15 v2.8a Font selection for XeLaTeX and LuaLaTe
X
\l__fontspec_script_int=\count274
\l__fontspec_language_int=\count275
\l__fontspec_strnum_int=\count276
\l__fontspec_tmp_int=\count277
\l__fontspec_tmpa_int=\count278
\l__fontspec_tmpb_int=\count279
\l__fontspec_tmpc_int=\count280
\l__fontspec_em_int=\count281
\l__fontspec_emdef_int=\count282
\l__fontspec_strong_int=\count283
\l__fontspec_strongdef_int=\count284
\l__fontspec_tmpa_dim=\dimen158
\l__fontspec_tmpb_dim=\dimen159
\l__fontspec_tmpc_dim=\dimen160

(/usr/share/texlive/texmf-dist/tex/latex/base/fontenc.sty
Package: fontenc 2021/04/29 v2.0v Standard LaTeX package
)
(/usr/share/texlive/texmf-dist/tex/latex/fontspec/fontspec.cfg)))
(/usr/share/texlive/texmf-dist/tex/latex/base/fix-cm.sty
Package: fix-cm 2020/11/24 v1.1t fixes to LaTeX

(/usr/share/texlive/texmf-dist/tex/latex/base/ts1enc.def
File: ts1enc.def 2001/06/05 v3.0e (jk/car/fm) Standard LaTeX file
LaTeX Font Info:    Redeclaring font encoding TS1 on input line 47.
))
\g__um_fam_int=\count285
\g__um_fonts_used_int=\count286
\l__um_primecount_int=\count287
\g__um_primekern_muskip=\muskip17

(/usr/share/texlive/texmf-dist/tex/latex/unicode-math/unicode-math-table.tex)))
(/usr/share/texlive/texmf-dist/tex/latex/lm/lmodern.sty
Package: lmodern 2015/05/01 v1.6.1 Latin Modern Fonts
LaTeX Font Info:    Overwriting symbol font `operators' in version `normal'
(Font)                  OT1/cmr/m/n --> OT1/lmr/m/n on input line 22.
LaTeX Font Info:    Overwriting symbol font `letters' in version `normal'
(Font)                  OML/cmm/m/it --> OML/lmm/m/it on input line 23.
LaTeX Font Info:    Overwriting symbol font `symbols' in version `normal'
(Font)                  OMS/cmsy/m/n --> OMS/lmsy/m/n on input line 24.
LaTeX Font Info:    Overwriting symbol font `largesymbols' in version `normal'
(Font)                  OMX/cmex/m/n --> OMX/lmex/m/n on input line 25.
LaTeX Font Info:    Overwriting symbol font `operators' in version `bold'
(Font)                  OT1/cmr/bx/n --> OT1/lmr/bx/n on input line 26.
LaTeX Font Info:    Overwriting symbol font `letters' in version `bold'
(Font)                  OML/cmm/b/it --> OML/lmm/b/it on input line 27.
LaTeX Font Info:    Overwriting symbol font `symbols' in version `bold'
(Font)                  OMS/cmsy/b/n --> OMS/lmsy/b/n on input line 28.
LaTeX Font Info:    Overwriting symbol font `largesymbols' in version `bold'
(Font)                  OMX/cmex/m/n --> OMX/lmex/m/n on input line 29.
LaTeX Font Info:    Overwriting math alphabet `\mathbf' in version `normal'
(Font)                  OT1/cmr/bx/n --> OT1/lmr/bx/n on input line 31.
LaTeX Font Info:    Overwriting math alphabet `\mathsf' in version `normal'
(Font)                  OT1/cmss/m/n --> OT1/lmss/m/n on input line 32.
LaTeX Font Info:    Overwriting math alphabet `\mathit' in version `normal'
(Font)                  OT1/cmr/m/it --> OT1/lmr/m/it on input line 33.
LaTeX Font Info:    Overwriting math alphabet `\mathtt' in version `normal'
(Font)                  OT1/cmtt/m/n --> OT1/lmtt/m/n on input line 34.
LaTeX Font Info:    Overwriting math alphabet `\mathbf' in version `bold'
(Font)                  OT1/cmr/bx/n --> OT1/lmr/bx/n on input line 35.
LaTeX Font Info:    Overwriting math alphabet `\mathsf' in version `bold'
(Font)                  OT1/cmss/bx/n --> OT1/lmss/bx/n on input line 36.
LaTeX Font Info:    Overwriting math alphabet `\mathit' in version `bold'
(Font)                  OT1/cmr/bx/it --> OT1/lmr/bx/it on input line 37.
LaTeX Font Info:    Overwriting math alphabet `\mathtt' in version `bold'
(Font)                  OT1/cmtt/m/n --> OT1/lmtt/m/n on input line 38.
)

Package fontspec Info: Liberation Serif scale = 0.9390266538490309.


Package fontspec Info: Liberation Serif scale = 0.9390266538490309.


Package fontspec Info: Liberation Serif/B scale = 0.9390266538490309.


Package fontspec Info: Liberation Serif/I scale = 0.9390266538490309.


Package fontspec Info: Liberation Serif/BI scale = 0.9390266538490309.


Package fontspec Info: Font family 'LiberationSerif(0)' created for font
(fontspec)             'Liberation Serif' with options
(fontspec)             [Scale=MatchLowercase,Ligatures=TeX,Scale=1].
(fontspec)              
(fontspec)              This font family consists of the following NFSS
(fontspec)             series/shapes:
(fontspec)              
(fontspec)             - 'normal' (m/n) with NFSS spec.: <->s*[1]"Liberation
(fontspec)             Serif/OT:script=latn;language=dflt;mapping=tex-text;"
(fontspec)             - 'small caps'  (m/sc) with NFSS spec.: 
(fontspec)             - 'bold' (b/n) with NFSS spec.: <->s*[1]"Liberation
(fontspec)             Serif/B/OT:script=latn;language=dflt;mapping=tex-text;"
(fontspec)             - 'bold small caps'  (b/sc) with NFSS spec.: 
(fontspec)             - 'italic' (m/it) with NFSS spec.: <->s*[1]"Liberation
(fontspec)             Serif/I/OT:script=latn;language=dflt;mapping=tex-text;"
(fontspec)             - 'italic small caps'  (m/scit) with NFSS spec.: 
(fontspec)             - 'bold italic' (b/it) with NFSS spec.:
(fontspec)             <->s*[1]"Liberation
(fontspec)             Serif/BI/OT:script=latn;language=dflt;mapping=tex-text;"

(fontspec)             - 'bold italic small caps'  (b/scit) with NFSS spec.: 

LaTeX Font Info:    Font shape `TU/LiberationSerif(0)/m/n' will be
(Font)              scaled to size 12.0pt on input line 27.

Package fontspec Info: Liberation Serif scale = 0.9999972296176042.


Package fontspec Info: Liberation Serif scale = 0.9999972296176042.


Package fontspec Info: Liberation Serif/B scale = 0.9999972296176042.


Package fontspec Info: Liberation Serif/I scale = 0.9999972296176042.


Package fontspec Info: Liberation Serif/BI scale = 0.9999972296176042.


Package fontspec Info: Font family 'LiberationSerif(1)' created for font
(fontspec)             'Liberation Serif' with options [Scale=MatchLowercase].
(fontspec)              
(fontspec)              This font family consists of the following NFSS
(fontspec)             series/shapes:
(fontspec)              
(fontspec)             - 'normal' (m/n) with NFSS spec.:
(fontspec)             <->s*[0.9999972296176042]"Liberation
(fontspec)             Serif/OT:script=latn;language=dflt;"
(fontspec)             - 'small caps'  (m/sc) with NFSS spec.: 
(fontspec)             - 'bold' (b/n) with NFSS spec.:
(fontspec)             <->s*[0.9999972296176042]"Liberation
(fontspec)             Serif/B/OT:script=latn;language=dflt;"
(fontspec)             - 'bold small caps'  (b/sc) with NFSS spec.: 
(fontspec)             - 'italic' (m/it) with NFSS spec.:
(fontspec)             <->s*[0.9999972296176042]"Liberation
(fontspec)             Serif/I/OT:script=latn;language=dflt;"
(fontspec)             - 'italic small caps'  (m/scit) with NFSS spec.: 
(fontspec)             - 'bold italic' (b/it) with NFSS spec.:
(fontspec)             <->s*[0.9999972296176042]"Liberation
(fontspec)             Serif/BI/OT:script=latn;language=dflt;"
(fontspec)             - 'bold italic small caps'  (b/scit) with NFSS spec.: 

LaTeX Font Info:    Overwriting math alphabet `\mathrm' in version `normal'
(Font)                  OT1/lmr/m/n --> TU/LiberationSerif(1)/m/n on input line
 27.
LaTeX Font Info:    Overwriting math alphabet `\mathit' in version `normal'
(Font)                  OT1/lmr/m/it --> TU/LiberationSerif(1)/m/it on input li
ne 27.
LaTeX Font Info:    Overwriting math alphabet `\mathbf' in version `normal'
(Font)                  OT1/lmr/bx/n --> TU/LiberationSerif(1)/b/n on input lin
e 27.

Package fontspec Info: Liberation Mono scale = 0.8687594617426695.


Package fontspec Info: Liberation Mono scale = 0.8687594617426695.


Package fontspec Info: Liberation Mono/B scale = 0.8687594617426695.


Package fontspec Info: Liberation Mono/I scale = 0.8687594617426695.


Package fontspec Info: Liberation Mono/BI scale = 0.8687594617426695.


Package fontspec Info: Font family 'LiberationMono(0)' created for font
(fontspec)             'Liberation Mono' with options
(fontspec)             [Scale=MatchLowercase,WordSpace={1,0,0},HyphenChar=None,
PunctuationSpace=WordSpace].
(fontspec)              
(fontspec)              This font family consists of the following NFSS
(fontspec)             series/shapes:
(fontspec)              
(fontspec)             - 'normal' (m/n) with NFSS spec.:
(fontspec)             <->s*[0.8687594617426695]"Liberation
(fontspec)             Mono/OT:script=latn;language=dflt;"
(fontspec)             - 'small caps'  (m/sc) with NFSS spec.: 
(fontspec)             and font adjustment code:
(fontspec)             \fontdimen 2\font =1\fontdimen 2\font \fontdimen 3\font
(fontspec)             =0\fontdimen 3\font \fontdimen 4\font =0\fontdimen
(fontspec)             4\font \fontdimen 7\font =0\fontdimen 2\font
(fontspec)             \tex_hyphenchar:D \font =-1\scan_stop: 
(fontspec)             - 'bold' (b/n) with NFSS spec.:
(fontspec)             <->s*[0.8687594617426695]"Liberation
(fontspec)             Mono/B/OT:script=latn;language=dflt;"
(fontspec)             - 'bold small caps'  (b/sc) with NFSS spec.: 
(fontspec)             and font adjustment code:
(fontspec)             \fontdimen 2\font =1\fontdimen 2\font \fontdimen 3\font
(fontspec)             =0\fontdimen 3\font \fontdimen 4\font =0\fontdimen
(fontspec)             4\font \fontdimen 7\font =0\fontdimen 2\font
(fontspec)             \tex_hyphenchar:D \font =-1\scan_stop: 
(fontspec)             - 'italic' (m/it) with NFSS spec.:
(fontspec)             <->s*[0.8687594617426695]"Liberation
(fontspec)             Mono/I/OT:script=latn;language=dflt;"
(fontspec)             - 'italic small caps'  (m/scit) with NFSS spec.: 
(fontspec)             and font adjustment code:
(fontspec)             \fontdimen 2\font =1\fontdimen 2\font \fontdimen 3\font
(fontspec)             =0\fontdimen 3\font \fontdimen 4\font =0\fontdimen
(fontspec)             4\font \fontdimen 7\font =0\fontdimen 2\font
(fontspec)             \tex_hyphenchar:D \font =-1\scan_stop: 
(fontspec)             - 'bold italic' (b/it) with NFSS spec.:
(fontspec)             <->s*[0.8687594617426695]"Liberation
(fontspec)             Mono/BI/OT:script=latn;language=dflt;"
(fontspec)             - 'bold italic small caps'  (b/scit) with NFSS spec.: 
(fontspec)             and font adjustment code:
(fontspec)             \fontdimen 2\font =1\fontdimen 2\font \fontdimen 3\font
(fontspec)             =0\fontdimen 3\font \fontdimen 4\font =0\fontdimen
(fontspec)             4\font \fontdimen 7\font =0\fontdimen 2\font
(fontspec)             \tex_hyphenchar:D \font =-1\scan_stop: 


Package fontspec Info: Liberation Mono scale = 0.8687594617426695.


Package fontspec Info: Liberation Mono scale = 0.8687594617426695.


Package fontspec Info: Liberation Mono/B scale = 0.8687594617426695.


Package fontspec Info: Liberation Mono/I scale = 0.8687594617426695.


Package fontspec Info: Liberation Mono/BI scale = 0.8687594617426695.


Package fontspec Info: Font family 'LiberationMono(1)' created for font
(fontspec)             'Liberation Mono' with options [Scale=MatchLowercase].
(fontspec)              
(fontspec)              This font family consists of the following NFSS
(fontspec)             series/shapes:
(fontspec)              
(fontspec)             - 'normal' (m/n) with NFSS spec.:
(fontspec)             <->s*[0.8687594617426695]"Liberation
(fontspec)             Mono/OT:script=latn;language=dflt;"
(fontspec)             - 'small caps'  (m/sc) with NFSS spec.: 
(fontspec)             - 'bold' (b/n) with NFSS spec.:
(fontspec)             <->s*[0.8687594617426695]"Liberation
(fontspec)             Mono/B/OT:script=latn;language=dflt;"
(fontspec)             - 'bold small caps'  (b/sc) with NFSS spec.: 
(fontspec)             - 'italic' (m/it) with NFSS spec.:
(fontspec)             <->s*[0.8687594617426695]"Liberation
(fontspec)             Mono/I/OT:script=latn;language=dflt;"
(fontspec)             - 'italic small caps'  (m/scit) with NFSS spec.: 
(fontspec)             - 'bold italic' (b/it) with NFSS spec.:
(fontspec)             <->s*[0.8687594617426695]"Liberation
(fontspec)             Mono/BI/OT:script=latn;language=dflt;"
(fontspec)             - 'bold italic small caps'  (b/scit) with NFSS spec.: 

LaTeX Font Info:    Overwriting math alphabet `\mathtt' in version `normal'
(Font)                  OT1/lmtt/m/n --> TU/LiberationMono(1)/m/n on input line
 28.
LaTeX Font Info:    Overwriting math alphabet `\mathtt' in version `bold'
(Font)                  OT1/lmtt/m/n --> TU/LiberationMono(1)/b/n on input line
 28.

(/usr/share/texlive/texmf-dist/tex/latex/upquote/upquote.sty
Package: upquote 2012/04/19 v1.3 upright-quote and grave-accent glyphs in verba
tim

(/usr/share/texlive/texmf-dist/tex/latex/base/textcomp.sty
Package: textcomp 2020/02/02 v2.0n Standard LaTeX package
))
(/usr/share/texlive/texmf-dist/tex/latex/microtype/microtype.sty
Package: microtype 2023/03/13 v3.1a Micro-typographical refinements (RS)

(/usr/share/texlive/texmf-dist/tex/latex/etoolbox/etoolbox.sty
Package: etoolbox 2020/10/05 v2.5k e-TeX tools for LaTeX (JAW)
\etb@tempcnta=\count288
)
\MT@toks=\toks23
\MT@tempbox=\box54
\MT@count=\count289
LaTeX Info: Redefining \noprotrusionifhmode on input line 1059.
LaTeX Info: Redefining \leftprotrusion on input line 1060.
\MT@prot@toks=\toks24
LaTeX Info: Redefining \rightprotrusion on input line 1078.
LaTeX Info: Redefining \textls on input line 1368.
\MT@outer@kern=\dimen161
LaTeX Info: Redefining \textmicrotypecontext on input line 1988.
\MT@listname@count=\count290

(/usr/share/texlive/texmf-dist/tex/latex/microtype/microtype-xetex.def
File: microtype-xetex.def 2023/03/13 v3.1a Definitions specific to xetex (RS)
LaTeX Info: Redefining \lsstyle on input line 238.
)
Package microtype Info: Loading configuration file microtype.cfg.

(/usr/share/texlive/texmf-dist/tex/latex/microtype/microtype.cfg
File: microtype.cfg 2023/03/13 v3.1a microtype main configuration file (RS)
))
(/usr/share/texlive/texmf-dist/tex/latex/setspace/setspace.sty
Package: setspace 2022/12/04 v6.7b set line spacing
)
(/usr/share/texlive/texmf-dist/tex/latex/parskip/parskip.sty
Package: parskip 2021-03-14 v2.0h non-zero parskip adjustments

(/usr/share/texlive/texmf-dist/tex/latex/kvoptions/kvoptions.sty
Package: kvoptions 2022-06-15 v3.15 Key value format for package options (HO)

(/usr/share/texlive/texmf-dist/tex/generic/ltxcmds/ltxcmds.sty
Package: ltxcmds 2020-05-10 v1.25 LaTeX kernel commands for general use (HO)
)
(/usr/share/texlive/texmf-dist/tex/latex/kvsetkeys/kvsetkeys.sty
Package: kvsetkeys 2022-10-05 v1.19 Key value parser (HO)
)))
(/usr/share/texlive/texmf-dist/tex/latex/fancyvrb/fancyvrb.sty
Package: fancyvrb 2023/01/19 4.5a verbatim text (tvz,hv)
\FV@CodeLineNo=\count291
\FV@InFile=\read2
\FV@TabBox=\box55
\c@FancyVerbLine=\count292
\FV@StepNumber=\count293
\FV@OutFile=\write3
)
(/usr/share/texlive/texmf-dist/tex/latex/tools/longtable.sty
Package: longtable 2021-09-01 v4.17 Multi-page Table package (DPC)
\LTleft=\skip53
\LTright=\skip54
\LTpre=\skip55
\LTpost=\skip56
\LTchunksize=\count294
\LTcapwidth=\dimen162
\LT@head=\box56
\LT@firsthead=\box57
\LT@foot=\box58
\LT@lastfoot=\box59
\LT@gbox=\box60
\LT@cols=\count295
\LT@rows=\count296
\c@LT@tables=\count297
\c@LT@chunks=\count298
\LT@p@ftn=\toks25
)
(/usr/share/texlive/texmf-dist/tex/latex/booktabs/booktabs.sty
Package: booktabs 2020/01/12 v1.61803398 Publication quality tables
\heavyrulewidth=\dimen163
\lightrulewidth=\dimen164
\cmidrulewidth=\dimen165
\belowrulesep=\dimen166
\belowbottomsep=\dimen167
\aboverulesep=\dimen168
\abovetopsep=\dimen169
\cmidrulesep=\dimen170
\cmidrulekern=\dimen171
\defaultaddspace=\dimen172
\@cmidla=\count299
\@cmidlb=\count300
\@aboverulesep=\dimen173
\@belowrulesep=\dimen174
\@thisruleclass=\count301
\@lastruleclass=\count302
\@thisrulewidth=\dimen175
)
(/usr/share/texlive/texmf-dist/tex/latex/tools/array.sty
Package: array 2022/09/04 v2.5g Tabular extension package (FMi)
\col@sep=\dimen176
\ar@mcellbox=\box61
\extrarowheight=\dimen177
\NC@list=\toks26
\extratabsurround=\skip57
\backup@length=\skip58
\ar@cellbox=\box62
)
(/usr/share/texlive/texmf-dist/tex/latex/tools/calc.sty
Package: calc 2017/05/25 v4.3 Infix arithmetic (KKT,FJ)
\calc@Acount=\count303
\calc@Bcount=\count304
\calc@Adimen=\dimen178
\calc@Bdimen=\dimen179
\calc@Askip=\skip59
\calc@Bskip=\skip60
LaTeX Info: Redefining \setlength on input line 80.
LaTeX Info: Redefining \addtolength on input line 81.
\calc@Ccount=\count305
\calc@Cskip=\skip61
)
(/usr/share/texlive/texmf-dist/tex/latex/footnotehyper/footnotehyper.sty
Package: footnotehyper 2021/08/13 v1.1e hyperref aware footnote.sty (JFB)
\FNH@notes=\box63
\FNH@width=\dimen180
\FNH@toks=\toks27
)
(/usr/share/texlive/texmf-dist/tex/latex/graphics/graphicx.sty
Package: graphicx 2021/09/16 v1.2d Enhanced LaTeX Graphics (DPC,SPQR)

(/usr/share/texlive/texmf-dist/tex/latex/graphics/graphics.sty
Package: graphics 2022/03/10 v1.4e Standard LaTeX Graphics (DPC,SPQR)

(/usr/share/texlive/texmf-dist/tex/latex/graphics/trig.sty
Package: trig 2021/08/11 v1.11 sin cos tan (DPC)
)
(/usr/share/texlive/texmf-dist/tex/latex/graphics-cfg/graphics.cfg
File: graphics.cfg 2016/06/04 v1.11 sample graphics configuration
)
Package graphics Info: Driver file: xetex.def on input line 107.
)
\Gin@req@height=\dimen181
\Gin@req@width=\dimen182
)
\pandoc@box=\box64

(/usr/share/texlive/texmf-dist/tex/xelatex/xecjk/xeCJK.sty
Package: xeCJK 2022/08/05 v3.9.1 Typesetting CJK scripts with XeLaTeX

(/usr/share/texlive/texmf-dist/tex/latex/ctex/ctexhook.sty
Package: ctexhook 2022/07/14 v2.5.10 Document and package hooks (CTEX)
)
(/usr/share/texlive/texmf-dist/tex/latex/l3packages/xtemplate/xtemplate.sty
Package: xtemplate 2023-02-02 L3 Experimental prototype document functions
\l__xtemplate_tmp_dim=\dimen183
\l__xtemplate_tmp_int=\count306
\l__xtemplate_tmp_muskip=\muskip18
\l__xtemplate_tmp_skip=\skip62
)
\l__xeCJK_tmp_int=\count307
\l__xeCJK_tmp_box=\box65
\l__xeCJK_tmp_dim=\dimen184
\l__xeCJK_tmp_skip=\skip63
\g__xeCJK_space_factor_int=\count308
\l__xeCJK_begin_int=\count309
\l__xeCJK_end_int=\count310
\c__xeCJK_CJK_class_int=\XeTeXcharclass1
\c__xeCJK_FullLeft_class_int=\XeTeXcharclass2
\c__xeCJK_FullRight_class_int=\XeTeXcharclass3
\c__xeCJK_HalfLeft_class_int=\XeTeXcharclass4
\c__xeCJK_HalfRight_class_int=\XeTeXcharclass5
\c__xeCJK_NormalSpace_class_int=\XeTeXcharclass6
\c__xeCJK_CM_class_int=\XeTeXcharclass7
\c__xeCJK_HangulJamo_class_int=\XeTeXcharclass8
\l__xeCJK_last_skip=\skip64
\c__xeCJK_none_node=\count311
\g__xeCJK_node_int=\count312
\c__xeCJK_CJK_node_dim=\dimen185
\c__xeCJK_CJK-space_node_dim=\dimen186
\c__xeCJK_default_node_dim=\dimen187
\c__xeCJK_CJK-widow_node_dim=\dimen188
\c__xeCJK_normalspace_node_dim=\dimen189
\c__xeCJK_default-space_node_skip=\skip65
\l__xeCJK_ccglue_skip=\skip66
\l__xeCJK_ecglue_skip=\skip67
\l__xeCJK_punct_kern_skip=\skip68
\l__xeCJK_indent_box=\box66
\l__xeCJK_last_penalty_int=\count313
\l__xeCJK_last_bound_dim=\dimen190
\l__xeCJK_last_kern_dim=\dimen191
\l__xeCJK_widow_penalty_int=\count314

Package xtemplate Info: Declaring object type 'xeCJK/punctuation' taking 0
(xtemplate)             argument(s) on line 2396.

\l__xeCJK_fixed_punct_width_dim=\dimen192
\l__xeCJK_mixed_punct_width_dim=\dimen193
\l__xeCJK_middle_punct_width_dim=\dimen194
\l__xeCJK_fixed_margin_width_dim=\dimen195
\l__xeCJK_mixed_margin_width_dim=\dimen196
\l__xeCJK_middle_margin_width_dim=\dimen197
\l__xeCJK_bound_punct_width_dim=\dimen198
\l__xeCJK_bound_margin_width_dim=\dimen199
\l__xeCJK_margin_minimum_dim=\dimen256
\l__xeCJK_kerning_total_width_dim=\dimen257
\l__xeCJK_same_align_margin_dim=\dimen258
\l__xeCJK_different_align_margin_dim=\dimen259
\l__xeCJK_kerning_margin_width_dim=\dimen260
\l__xeCJK_kerning_margin_minimum_dim=\dimen261
\l__xeCJK_bound_dim=\dimen262
\l__xeCJK_reverse_bound_dim=\dimen263
\l__xeCJK_margin_dim=\dimen264
\l__xeCJK_minimum_bound_dim=\dimen265
\l__xeCJK_kerning_margin_dim=\dimen266
\g__xeCJK_family_int=\count315
\l__xeCJK_fam_int=\count316
\g__xeCJK_fam_allocation_int=\count317
\l__xeCJK_verb_case_int=\count318
\l__xeCJK_verb_exspace_skip=\skip69

(/usr/share/texlive/texmf-dist/tex/xelatex/xecjk/xeCJK.cfg
File: xeCJK.cfg 2022/08/05 v3.9.1 Configuration file for xeCJK package
))
(/usr/share/texlive/texmf-dist/tex/latex/placeins/placeins.sty
Package: placeins 2005/04/18  v 2.2
)

Package fontspec Info: NotoSerifCJK-Regular scale = 0.8929636070821592.


Package fontspec Info: NotoSerifCJK-Regular scale = 0.8929636070821592.


Package fontspec Info: NotoSerifCJK-Regular scale = 0.8929636070821592.


Package fontspec Info: NotoSerifCJK-Regular scale = 0.8929636070821592.


Package fontspec Info: NotoSerifCJK-Regular scale = 0.8929636070821592.


Package fontspec Info: Font family 'NotoSerifCJK-Regular.ttc(0)' created for
(fontspec)             font 'NotoSerifCJK-Regular.ttc' with options
(fontspec)             [Scale=MatchLowercase,Script={CJK},Path={/usr/share/font
s/google-noto-serif-cjk-fonts/},FontIndex={3}].
(fontspec)              
(fontspec)              This font family consists of the following NFSS
(fontspec)             series/shapes:
(fontspec)              
(fontspec)             - 'normal' (m/n) with NFSS spec.:
(fontspec)             <->s*[0.8929636070821592]"[/usr/share/fonts/google-noto-
serif-cjk-fonts/NotoSerifCJK-Regular.ttc:3]/OT:script=hani;language=dflt;"
(fontspec)             - 'small caps'  (m/sc) with NFSS spec.: 
(fontspec)             - 'bold' (b/n) with NFSS spec.:
(fontspec)             <->s*[0.8929636070821592]"[/usr/share/fonts/google-noto-
serif-cjk-fonts/NotoSerifCJK-Regular.ttc:3]/OT:script=hani;language=dflt;"
(fontspec)             - 'bold small caps'  (b/sc) with NFSS spec.: 
(fontspec)             - 'italic' (m/it) with NFSS spec.:
(fontspec)             <->s*[0.8929636070821592]"[/usr/share/fonts/google-noto-
serif-cjk-fonts/NotoSerifCJK-Regular.ttc:3]/OT:script=hani;language=dflt;"
(fontspec)             - 'italic small caps'  (m/scit) with NFSS spec.: 
(fontspec)             - 'bold italic' (b/it) with NFSS spec.:
(fontspec)             <->s*[0.8929636070821592]"[/usr/share/fonts/google-noto-
serif-cjk-fonts/NotoSerifCJK-Regular.ttc:3]/OT:script=hani;language=dflt;"
(fontspec)             - 'bold italic small caps'  (b/scit) with NFSS spec.: 


(/usr/share/texlive/texmf-dist/tex/latex/titlesec/titlesec.sty
Package: titlesec 2021/07/05 v2.14 Sectioning titles
\ttl@box=\box67
\beforetitleunit=\skip70
\aftertitleunit=\skip71
\ttl@plus=\dimen267
\ttl@minus=\dimen268
\ttl@toksa=\toks28
\titlewidth=\dimen269
\titlewidthlast=\dimen270
\titlewidthfirst=\dimen271
)
(/usr/share/texlive/texmf-dist/tex/latex/bookmark/bookmark.sty
Package: bookmark 2020-11-06 v1.29 PDF bookmarks (HO)

(/usr/share/texlive/texmf-dist/tex/latex/hyperref/hyperref.sty
Package: hyperref 2023-02-07 v7.00v Hypertext links for LaTeX

(/usr/share/texlive/texmf-dist/tex/generic/pdftexcmds/pdftexcmds.sty
Package: pdftexcmds 2020-06-27 v0.33 Utility functions of pdfTeX for LuaTeX (HO
)

(/usr/share/texlive/texmf-dist/tex/generic/infwarerr/infwarerr.sty
Package: infwarerr 2019/12/03 v1.5 Providing info/warning/error messages (HO)
)
Package pdftexcmds Info: \pdf@primitive is available.
Package pdftexcmds Info: \pdf@ifprimitive is available.
Package pdftexcmds Info: \pdfdraftmode not found.
)
(/usr/share/texlive/texmf-dist/tex/generic/kvdefinekeys/kvdefinekeys.sty
Package: kvdefinekeys 2019-12-19 v1.6 Define keys (HO)
)
(/usr/share/texlive/texmf-dist/tex/generic/pdfescape/pdfescape.sty
Package: pdfescape 2019/12/09 v1.15 Implements pdfTeX's escape features (HO)
)
(/usr/share/texlive/texmf-dist/tex/latex/hycolor/hycolor.sty
Package: hycolor 2020-01-27 v1.10 Color options for hyperref/bookmark (HO)
)
(/usr/share/texlive/texmf-dist/tex/latex/letltxmacro/letltxmacro.sty
Package: letltxmacro 2019/12/03 v1.6 Let assignment for LaTeX macros (HO)
)
(/usr/share/texlive/texmf-dist/tex/latex/auxhook/auxhook.sty
Package: auxhook 2019-12-17 v1.6 Hooks for auxiliary files (HO)
)
(/usr/share/texlive/texmf-dist/tex/latex/hyperref/nameref.sty
Package: nameref 2022-05-17 v2.50 Cross-referencing by name of section

(/usr/share/texlive/texmf-dist/tex/latex/refcount/refcount.sty
Package: refcount 2019/12/15 v3.6 Data extraction from label references (HO)
)
(/usr/share/texlive/texmf-dist/tex/generic/gettitlestring/gettitlestring.sty
Package: gettitlestring 2019/12/15 v1.6 Cleanup title references (HO)
)
\c@section@level=\count319
)
\@linkdim=\dimen272
\Hy@linkcounter=\count320
\Hy@pagecounter=\count321

(/usr/share/texlive/texmf-dist/tex/latex/hyperref/pd1enc.def
File: pd1enc.def 2023-02-07 v7.00v Hyperref: PDFDocEncoding definition (HO)
)
(/usr/share/texlive/texmf-dist/tex/generic/intcalc/intcalc.sty
Package: intcalc 2019/12/15 v1.3 Expandable calculations with integers (HO)
)
(/usr/share/texlive/texmf-dist/tex/generic/etexcmds/etexcmds.sty
Package: etexcmds 2019/12/15 v1.7 Avoid name clashes with e-TeX commands (HO)
)
\Hy@SavedSpaceFactor=\count322

(/usr/share/texlive/texmf-dist/tex/latex/hyperref/puenc.def
File: puenc.def 2023-02-07 v7.00v Hyperref: PDF Unicode definition (HO)
)
Package hyperref Info: Option `unicode' set `true' on input line 4060.
Package hyperref Info: Hyper figures OFF on input line 4177.
Package hyperref Info: Link nesting OFF on input line 4182.
Package hyperref Info: Hyper index ON on input line 4185.
Package hyperref Info: Plain pages OFF on input line 4192.
Package hyperref Info: Backreferencing OFF on input line 4197.
Package hyperref Info: Implicit mode ON; LaTeX internals redefined.
Package hyperref Info: Bookmarks ON on input line 4425.
\c@Hy@tempcnt=\count323

(/usr/share/texlive/texmf-dist/tex/latex/url/url.sty
\Urlmuskip=\muskip19
Package: url 2013/09/16  ver 3.4  Verb mode for urls, etc.
)
LaTeX Info: Redefining \url on input line 4763.
\XeTeXLinkMargin=\dimen273

(/usr/share/texlive/texmf-dist/tex/generic/bitset/bitset.sty
Package: bitset 2019/12/09 v1.3 Handle bit-vector datatype (HO)

(/usr/share/texlive/texmf-dist/tex/generic/bigintcalc/bigintcalc.sty
Package: bigintcalc 2019/12/15 v1.5 Expandable calculations on big integers (HO
)
))
\Fld@menulength=\count324
\Field@Width=\dimen274
\Fld@charsize=\dimen275
Package hyperref Info: Hyper figures OFF on input line 6042.
Package hyperref Info: Link nesting OFF on input line 6047.
Package hyperref Info: Hyper index ON on input line 6050.
Package hyperref Info: backreferencing OFF on input line 6057.
Package hyperref Info: Link coloring OFF on input line 6062.
Package hyperref Info: Link coloring with OCG OFF on input line 6067.
Package hyperref Info: PDF/A mode OFF on input line 6072.

(/usr/share/texlive/texmf-dist/tex/latex/base/atbegshi-ltx.sty
Package: atbegshi-ltx 2021/01/10 v1.0c Emulation of the original atbegshi
package with kernel methods
)
\Hy@abspage=\count325
\c@Item=\count326
\c@Hfootnote=\count327
)
Package hyperref Info: Driver (autodetected): hxetex.

(/usr/share/texlive/texmf-dist/tex/latex/hyperref/hxetex.def
File: hxetex.def 2023-02-07 v7.00v Hyperref driver for XeTeX

(/usr/share/texlive/texmf-dist/tex/generic/stringenc/stringenc.sty
Package: stringenc 2019/11/29 v1.12 Convert strings between diff. encodings (HO
)
)
\pdfm@box=\box68
\c@Hy@AnnotLevel=\count328
\HyField@AnnotCount=\count329
\Fld@listcount=\count330
\c@bookmark@seq@number=\count331

(/usr/share/texlive/texmf-dist/tex/latex/rerunfilecheck/rerunfilecheck.sty
Package: rerunfilecheck 2022-07-10 v1.10 Rerun checks for auxiliary files (HO)

(/usr/share/texlive/texmf-dist/tex/latex/base/atveryend-ltx.sty
Package: atveryend-ltx 2020/08/19 v1.0a Emulation of the original atveryend pac
kage
with kernel methods
)
(/usr/share/texlive/texmf-dist/tex/generic/uniquecounter/uniquecounter.sty
Package: uniquecounter 2019/12/15 v1.4 Provide unlimited unique counter (HO)
)
Package uniquecounter Info: New unique counter `rerunfilecheck' on input line 2
85.
)
\Hy@SectionHShift=\skip72
)
(/usr/share/texlive/texmf-dist/tex/latex/bookmark/bkm-dvipdfm.def
File: bkm-dvipdfm.def 2020-11-06 v1.29 bookmark driver for dvipdfm (HO)
\BKM@id=\count332
))
(/usr/share/texlive/texmf-dist/tex/latex/xurl/xurl.sty
Package: xurl 2022/01/09 v 0.10 modify URL breaks
)
Package hyperref Info: Option `colorlinks' set `true' on input line 155.

No file report_full2.aux.
\openout1 = `report_full2.aux'.

LaTeX Font Info:    Checking defaults for OML/cmm/m/it on input line 161.
LaTeX Font Info:    ... okay on input line 161.
LaTeX Font Info:    Checking defaults for OMS/cmsy/m/n on input line 161.
LaTeX Font Info:    ... okay on input line 161.
LaTeX Font Info:    Checking defaults for OT1/cmr/m/n on input line 161.
LaTeX Font Info:    ... okay on input line 161.
LaTeX Font Info:    Checking defaults for T1/cmr/m/n on input line 161.
LaTeX Font Info:    ... okay on input line 161.
LaTeX Font Info:    Checking defaults for TS1/cmr/m/n on input line 161.
LaTeX Font Info:    ... okay on input line 161.
LaTeX Font Info:    Checking defaults for TU/lmr/m/n on input line 161.
LaTeX Font Info:    ... okay on input line 161.
LaTeX Font Info:    Checking defaults for OMX/cmex/m/n on input line 161.
LaTeX Font Info:    ... okay on input line 161.
LaTeX Font Info:    Checking defaults for U/cmr/m/n on input line 161.
LaTeX Font Info:    ... okay on input line 161.
LaTeX Font Info:    Checking defaults for PD1/pdf/m/n on input line 161.
LaTeX Font Info:    ... okay on input line 161.
LaTeX Font Info:    Checking defaults for PU/pdf/m/n on input line 161.
LaTeX Font Info:    ... okay on input line 161.
*geometry* driver: auto-detecting
*geometry* detected driver: xetex
*geometry* verbose mode - [ preamble ] result:
* driver: xetex
* paper: a4paper
* layout: <same size as paper>
* layoutoffset:(h,v)=(0.0pt,0.0pt)
* modes: 
* h-part:(L,W,R)=(71.13188pt, 455.24411pt, 71.13188pt)
* v-part:(T,H,B)=(71.13188pt, 702.78308pt, 71.13188pt)
* \paperwidth=597.50787pt
* \paperheight=845.04684pt
* \textwidth=455.24411pt
* \textheight=702.78308pt
* \oddsidemargin=-1.1381pt
* \evensidemargin=-1.1381pt
* \topmargin=-38.1381pt
* \headheight=12.0pt
* \headsep=25.0pt
* \topskip=12.0pt
* \footskip=30.0pt
* \marginparwidth=35.0pt
* \marginparsep=10.0pt
* \columnsep=10.0pt
* \skip\footins=10.8pt plus 4.0pt minus 2.0pt
* \hoffset=0.0pt
* \voffset=0.0pt
* \mag=1000
* \@twocolumnfalse
* \@twosidefalse
* \@mparswitchfalse
* \@reversemarginfalse
* (1in=72.27pt=25.4mm, 1cm=28.453pt)

LaTeX Font Info:    Overwriting math alphabet `\mathsf' in version `normal'
(Font)                  OT1/lmss/m/n --> TU/lmss/m/n on input line 161.
LaTeX Font Info:    Overwriting math alphabet `\mathsf' in version `bold'
(Font)                  OT1/lmss/bx/n --> TU/lmss/b/n on input line 161.

Package fontspec Info: latinmodern-math scale = 1.064926405725868.


Package fontspec Info: latinmodern-math scale = 1.064926405725868.


Package fontspec Info: latinmodern-math scale = 1.064926405725868.


Package fontspec Info: Font family 'latinmodern-math.otf(0)' created for font
(fontspec)             'latinmodern-math.otf' with options
(fontspec)             [Scale=MatchLowercase,BoldItalicFont={},ItalicFont={},Sm
allCapsFont={},Script=Math,BoldFont={latinmodern-math.otf}].
(fontspec)              
(fontspec)              This font family consists of the following NFSS
(fontspec)             series/shapes:
(fontspec)              
(fontspec)             - 'normal' (m/n) with NFSS spec.:
(fontspec)             <->s*[1.064926405725868]"[latinmodern-math.otf]/OT:scrip
t=math;language=dflt;"
(fontspec)             - 'small caps'  (m/sc) with NFSS spec.: 
(fontspec)             - 'bold' (b/n) with NFSS spec.:
(fontspec)             <->s*[1.064926405725868]"[latinmodern-math.otf]/OT:scrip
t=math;language=dflt;"
(fontspec)             - 'bold small caps'  (b/sc) with NFSS spec.: 

LaTeX Font Info:    Font shape `TU/latinmodern-math.otf(0)/m/n' will be
(Font)              scaled to size 12.77911pt on input line 161.

Package fontspec Info: latinmodern-math scale = 1.064926405725868.


Package fontspec Info: latinmodern-math scale = 1.064926405725868.


Package fontspec Info: latinmodern-math scale = 1.064926405725868.


Package fontspec Info: latinmodern-math scale = 1.064926405725868.


Package fontspec Info: latinmodern-math scale = 1.064926405725868.


Package fontspec Info: Font family 'latinmodern-math.otf(1)' created for font
(fontspec)             'latinmodern-math.otf' with options
(fontspec)             [Scale=MatchLowercase,BoldItalicFont={},ItalicFont={},Sm
allCapsFont={},Script=Math,SizeFeatures={{Size=10.2-},{Size=7.2-10.2,Font=latin
modern-math.otf,Style=MathScript},{Size=-7.2,Font=latinmodern-math.otf,Style=Ma
thScriptScript}},BoldFont={latinmodern-math.otf}].
(fontspec)              
(fontspec)              This font family consists of the following NFSS
(fontspec)             series/shapes:
(fontspec)              
(fontspec)             - 'normal' (m/n) with NFSS spec.:
(fontspec)             <10.2->s*[1.064926405725868]"[latinmodern-math.otf]/OT:s
cript=math;language=dflt;"<7.2-10.2>s*[1.064926405725868]"[latinmodern-math.otf
]/OT:script=math;language=dflt;+ssty=0;"<-7.2>s*[1.064926405725868]"[latinmoder
n-math.otf]/OT:script=math;language=dflt;+ssty=1;"
(fontspec)             - 'small caps'  (m/sc) with NFSS spec.: 
(fontspec)             - 'bold' (b/n) with NFSS spec.:
(fontspec)             <->s*[1.064926405725868]"[latinmodern-math.otf]/OT:scrip
t=math;language=dflt;"
(fontspec)             - 'bold small caps'  (b/sc) with NFSS spec.: 

LaTeX Font Info:    Font shape `TU/latinmodern-math.otf(1)/m/n' will be
(Font)              scaled to size 12.77911pt on input line 161.
LaTeX Font Info:    Encoding `OT1' has changed to `TU' for symbol font
(Font)              `operators' in the math version `normal' on input line 161.

LaTeX Font Info:    Overwriting symbol font `operators' in version `normal'
(Font)                  OT1/lmr/m/n --> TU/latinmodern-math.otf(1)/m/n on input
 line 161.
LaTeX Font Info:    Encoding `OT1' has changed to `TU' for symbol font
(Font)              `operators' in the math version `bold' on input line 161.
LaTeX Font Info:    Overwriting symbol font `operators' in version `bold'
(Font)                  OT1/lmr/bx/n --> TU/latinmodern-math.otf(1)/b/n on inpu
t line 161.

Package fontspec Info: latinmodern-math scale = 1.064926405725868.


Package fontspec Info: latinmodern-math scale = 1.065032898366441.


Package fontspec Info: latinmodern-math scale = 1.064926405725868.


Package fontspec Info: latinmodern-math scale = 1.065032898366441.


Package fontspec Info: latinmodern-math scale = 1.064926405725868.


Package fontspec Info: latinmodern-math scale = 1.065032898366441.


Package fontspec Info: latinmodern-math scale = 1.064926405725868.


Package fontspec Info: latinmodern-math scale = 1.065032898366441.


Package fontspec Info: latinmodern-math scale = 1.064926405725868.


Package fontspec Info: latinmodern-math scale = 1.065032898366441.


Package fontspec Info: Font family 'latinmodern-math.otf(2)' created for font
(fontspec)             'latinmodern-math.otf' with options
(fontspec)             [Scale=MatchLowercase,BoldItalicFont={},ItalicFont={},Sm
allCapsFont={},Script=Math,SizeFeatures={{Size=10.2-},{Size=7.2-10.2,Font=latin
modern-math.otf,Style=MathScript},{Size=-7.2,Font=latinmodern-math.otf,Style=Ma
thScriptScript}},BoldFont={latinmodern-math.otf},ScaleAgain=1.0001,FontAdjustme
nt={\fontdimen
(fontspec)             8\font =8.65146pt\relax \fontdimen 9\font
(fontspec)             =5.03497pt\relax \fontdimen 10\font =5.67392pt\relax
(fontspec)             \fontdimen 11\font =8.76648pt\relax \fontdimen 12\font
(fontspec)             =4.4088pt\relax \fontdimen 13\font =4.63882pt\relax
(fontspec)             \fontdimen 14\font =4.63882pt\relax \fontdimen 15\font
(fontspec)             =3.69316pt\relax \fontdimen 16\font =3.15645pt\relax
(fontspec)             \fontdimen 17\font =3.15645pt\relax \fontdimen 18\font
(fontspec)             =3.19478pt\relax \fontdimen 19\font =2.55582pt\relax
(fontspec)             \fontdimen 22\font =3.19478pt\relax \fontdimen 20\font
(fontspec)             =0pt\relax \fontdimen 21\font =0pt\relax }].
(fontspec)              
(fontspec)              This font family consists of the following NFSS
(fontspec)             series/shapes:
(fontspec)              
(fontspec)             - 'normal' (m/n) with NFSS spec.:
(fontspec)             <10.2->s*[1.065032898366441]"[latinmodern-math.otf]/OT:s
cript=math;language=dflt;"<7.2-10.2>s*[1.065032898366441]"[latinmodern-math.otf
]/OT:script=math;language=dflt;+ssty=0;"<-7.2>s*[1.065032898366441]"[latinmoder
n-math.otf]/OT:script=math;language=dflt;+ssty=1;"
(fontspec)             - 'small caps'  (m/sc) with NFSS spec.: 
(fontspec)             and font adjustment code:
(fontspec)             \fontdimen 8\font =8.65146pt\relax \fontdimen 9\font
(fontspec)             =5.03497pt\relax \fontdimen 10\font =5.67392pt\relax
(fontspec)             \fontdimen 11\font =8.76648pt\relax \fontdimen 12\font
(fontspec)             =4.4088pt\relax \fontdimen 13\font =4.63882pt\relax
(fontspec)             \fontdimen 14\font =4.63882pt\relax \fontdimen 15\font
(fontspec)             =3.69316pt\relax \fontdimen 16\font =3.15645pt\relax
(fontspec)             \fontdimen 17\font =3.15645pt\relax \fontdimen 18\font
(fontspec)             =3.19478pt\relax \fontdimen 19\font =2.55582pt\relax
(fontspec)             \fontdimen 22\font =3.19478pt\relax \fontdimen 20\font
(fontspec)             =0pt\relax \fontdimen 21\font =0pt\relax 
(fontspec)             - 'bold' (b/n) with NFSS spec.:
(fontspec)             <->s*[1.065032898366441]"[latinmodern-math.otf]/OT:scrip
t=math;language=dflt;"
(fontspec)             - 'bold small caps'  (b/sc) with NFSS spec.: 
(fontspec)             and font adjustment code:
(fontspec)             \fontdimen 8\font =8.65146pt\relax \fontdimen 9\font
(fontspec)             =5.03497pt\relax \fontdimen 10\font =5.67392pt\relax
(fontspec)             \fontdimen 11\font =8.76648pt\relax \fontdimen 12\font
(fontspec)             =4.4088pt\relax \fontdimen 13\font =4.63882pt\relax
(fontspec)             \fontdimen 14\font =4.63882pt\relax \fontdimen 15\font
(fontspec)             =3.69316pt\relax \fontdimen 16\font =3.15645pt\relax
(fontspec)             \fontdimen 17\font =3.15645pt\relax \fontdimen 18\font
(fontspec)             =3.19478pt\relax \fontdimen 19\font =2.55582pt\relax
(fontspec)             \fontdimen 22\font =3.19478pt\relax \fontdimen 20\font
(fontspec)             =0pt\relax \fontdimen 21\font =0pt\relax 

LaTeX Font Info:    Encoding `OMS' has changed to `TU' for symbol font
(Font)              `symbols' in the math version `normal' on input line 161.
LaTeX Font Info:    Overwriting symbol font `symbols' in version `normal'
(Font)                  OMS/lmsy/m/n --> TU/latinmodern-math.otf(2)/m/n on inpu
t line 161.
LaTeX Font Info:    Encoding `OMS' has changed to `TU' for symbol font
(Font)              `symbols' in the math version `bold' on input line 161.
LaTeX Font Info:    Overwriting symbol font `symbols' in version `bold'
(Font)                  OMS/lmsy/b/n --> TU/latinmodern-math.otf(2)/b/n on inpu
t line 161.

Package fontspec Info: latinmodern-math scale = 1.064926405725868.


Package fontspec Info: latinmodern-math scale = 1.064819913085295.


Package fontspec Info: latinmodern-math scale = 1.064926405725868.


Package fontspec Info: latinmodern-math scale = 1.064819913085295.


Package fontspec Info: latinmodern-math scale = 1.064926405725868.


Package fontspec Info: latinmodern-math scale = 1.064819913085295.


Package fontspec Info: latinmodern-math scale = 1.064926405725868.


Package fontspec Info: latinmodern-math scale = 1.064819913085295.


Package fontspec Info: latinmodern-math scale = 1.064926405725868.


Package fontspec Info: latinmodern-math scale = 1.064819913085295.


Package fontspec Info: Font family 'latinmodern-math.otf(3)' created for font
(fontspec)             'latinmodern-math.otf' with options
(fontspec)             [Scale=MatchLowercase,BoldItalicFont={},ItalicFont={},Sm
allCapsFont={},Script=Math,SizeFeatures={{Size=10.2-},{Size=7.2-10.2,Font=latin
modern-math.otf,Style=MathScript},{Size=-7.2,Font=latinmodern-math.otf,Style=Ma
thScriptScript}},BoldFont={latinmodern-math.otf},ScaleAgain=0.9999,FontAdjustme
nt={\fontdimen
(fontspec)             8\font =0.51117pt\relax \fontdimen 9\font
(fontspec)             =2.55582pt\relax \fontdimen 10\font =2.13411pt\relax
(fontspec)             \fontdimen 11\font =1.41849pt\relax \fontdimen 12\font
(fontspec)             =7.66747pt\relax \fontdimen 13\font =0pt\relax }].
(fontspec)              
(fontspec)              This font family consists of the following NFSS
(fontspec)             series/shapes:
(fontspec)              
(fontspec)             - 'normal' (m/n) with NFSS spec.:
(fontspec)             <10.2->s*[1.064819913085295]"[latinmodern-math.otf]/OT:s
cript=math;language=dflt;"<7.2-10.2>s*[1.064819913085295]"[latinmodern-math.otf
]/OT:script=math;language=dflt;+ssty=0;"<-7.2>s*[1.064819913085295]"[latinmoder
n-math.otf]/OT:script=math;language=dflt;+ssty=1;"
(fontspec)             - 'small caps'  (m/sc) with NFSS spec.: 
(fontspec)             and font adjustment code:
(fontspec)             \fontdimen 8\font =0.51117pt\relax \fontdimen 9\font
(fontspec)             =2.55582pt\relax \fontdimen 10\font =2.13411pt\relax
(fontspec)             \fontdimen 11\font =1.41849pt\relax \fontdimen 12\font
(fontspec)             =7.66747pt\relax \fontdimen 13\font =0pt\relax 
(fontspec)             - 'bold' (b/n) with NFSS spec.:
(fontspec)             <->s*[1.064819913085295]"[latinmodern-math.otf]/OT:scrip
t=math;language=dflt;"
(fontspec)             - 'bold small caps'  (b/sc) with NFSS spec.: 
(fontspec)             and font adjustment code:
(fontspec)             \fontdimen 8\font =0.51117pt\relax \fontdimen 9\font
(fontspec)             =2.55582pt\relax \fontdimen 10\font =2.13411pt\relax
(fontspec)             \fontdimen 11\font =1.41849pt\relax \fontdimen 12\font
(fontspec)             =7.66747pt\relax \fontdimen 13\font =0pt\relax 

LaTeX Font Info:    Encoding `OMX' has changed to `TU' for symbol font
(Font)              `largesymbols' in the math version `normal' on input line 1
61.
LaTeX Font Info:    Overwriting symbol font `largesymbols' in version `normal'
(Font)                  OMX/lmex/m/n --> TU/latinmodern-math.otf(3)/m/n on inpu
t line 161.
LaTeX Font Info:    Encoding `OMX' has changed to `TU' for symbol font
(Font)              `largesymbols' in the math version `bold' on input line 161
.
LaTeX Font Info:    Overwriting symbol font `largesymbols' in version `bold'
(Font)                  OMX/lmex/m/n --> TU/latinmodern-math.otf(3)/b/n on inpu
t line 161.
LaTeX Info: Redefining \microtypecontext on input line 161.
Package microtype Info: Applying patch `item' on input line 161.
Package microtype Info: Applying patch `toc' on input line 161.
Package microtype Info: Applying patch `eqnum' on input line 161.
Package microtype Info: Applying patch `footnote' on input line 161.
Package microtype Info: Applying patch `verbatim' on input line 161.
Package microtype Info: Character protrusion enabled (level 2).
Package microtype Info: Using protrusion set `basicmath'.
Package microtype Info: No adjustment of tracking.
Package microtype Info: No adjustment of spacing.
Package microtype Info: No adjustment of kerning.
Package microtype Info: Loading generic protrusion settings for font family
(microtype)             `LiberationSerif' (encoding: TU).
(microtype)             For optimal results, create family-specific settings.
(microtype)             See the microtype manual for details.
Package microtype Info: Character `textendash ' is missing
(microtype)             in font `TU/LiberationSerif(0)/m/n/12'.
(microtype)             Ignoring protrusion settings for this character.
Package microtype Info: Character `textemdash ' is missing
(microtype)             in font `TU/LiberationSerif(0)/m/n/12'.
(microtype)             Ignoring protrusion settings for this character.
Package microtype Info: Character `textquoteleft ' is missing
(microtype)             in font `TU/LiberationSerif(0)/m/n/12'.
(microtype)             Ignoring protrusion settings for this character.
Package microtype Info: Character `textquoteright ' is missing
(microtype)             in font `TU/LiberationSerif(0)/m/n/12'.
(microtype)             Ignoring protrusion settings for this character.
Package microtype Info: Character `textquotedblleft ' is missing
(microtype)             in font `TU/LiberationSerif(0)/m/n/12'.
(microtype)             Ignoring protrusion settings for this character.
Package microtype Info: Character `textquotedblright ' is missing
(microtype)             in font `TU/LiberationSerif(0)/m/n/12'.
(microtype)             Ignoring protrusion settings for this character.
Package hyperref Info: Link coloring ON on input line 161.

Package hyperref Warning: Rerun to get /PageLabels entry.

LaTeX Font Info:    Font shape `TU/LiberationSerif(0)/m/n' will be
(Font)              scaled to size 20.74pt on input line 163.
LaTeX Font Info:    Font shape `TU/NotoSerifCJK-Regular.ttc(0)/m/n' will be
(Font)              scaled to size 18.51997pt on input line 163.
LaTeX Font Info:    Font shape `TU/LiberationSerif(0)/m/n' will be
(Font)              scaled to size 14.4pt on input line 163.
Package microtype Info: Character `textendash ' is missing
(microtype)             in font `TU/LiberationSerif(0)/m/n/14.4'.
(microtype)             Ignoring protrusion settings for this character.
Package microtype Info: Character `textemdash ' is missing
(microtype)             in font `TU/LiberationSerif(0)/m/n/14.4'.
(microtype)             Ignoring protrusion settings for this character.
Package microtype Info: Character `textquoteleft ' is missing
(microtype)             in font `TU/LiberationSerif(0)/m/n/14.4'.
(microtype)             Ignoring protrusion settings for this character.
Package microtype Info: Character `textquoteright ' is missing
(microtype)             in font `TU/LiberationSerif(0)/m/n/14.4'.
(microtype)             Ignoring protrusion settings for this character.
Package microtype Info: Character `textquotedblleft ' is missing
(microtype)             in font `TU/LiberationSerif(0)/m/n/14.4'.
(microtype)             Ignoring protrusion settings for this character.
Package microtype Info: Character `textquotedblright ' is missing
(microtype)             in font `TU/LiberationSerif(0)/m/n/14.4'.
(microtype)             Ignoring protrusion settings for this character.
LaTeX Font Info:    Font shape `TU/latinmodern-math.otf(1)/m/n' will be
(Font)              scaled to size 15.33492pt on input line 163.
LaTeX Font Info:    Font shape `TU/latinmodern-math.otf(1)/m/n' will be
(Font)              scaled to size 10.64926pt on input line 163.
LaTeX Font Info:    Font shape `TU/latinmodern-math.otf(1)/m/n' will be
(Font)              scaled to size 7.45448pt on input line 163.
LaTeX Font Info:    Trying to load font information for OML+lmm on input line 1
63.
(/usr/share/texlive/texmf-dist/tex/latex/lm/omllmm.fd
File: omllmm.fd 2015/05/01 v1.6.1 Font defs for Latin Modern
)
LaTeX Font Info:    Font shape `TU/latinmodern-math.otf(2)/m/n' will be
(Font)              scaled to size 15.33646pt on input line 163.
LaTeX Font Info:    Font shape `TU/latinmodern-math.otf(2)/m/n' will be
(Font)              scaled to size 10.65033pt on input line 163.
LaTeX Font Info:    Font shape `TU/latinmodern-math.otf(2)/m/n' will be
(Font)              scaled to size 7.45523pt on input line 163.
LaTeX Font Info:    Font shape `TU/latinmodern-math.otf(3)/m/n' will be
(Font)              scaled to size 15.33339pt on input line 163.
LaTeX Font Info:    Font shape `TU/latinmodern-math.otf(3)/m/n' will be
(Font)              scaled to size 10.6482pt on input line 163.
LaTeX Font Info:    Font shape `TU/latinmodern-math.otf(3)/m/n' will be
(Font)              scaled to size 7.45374pt on input line 163.
LaTeX Font Info:    Trying to load font information for U+msa on input line 163
.

(/usr/share/texlive/texmf-dist/tex/latex/amsfonts/umsa.fd
File: umsa.fd 2013/01/14 v3.01 AMS symbols A
)
(/usr/share/texlive/texmf-dist/tex/latex/microtype/mt-msa.cfg
File: mt-msa.cfg 2006/02/04 v1.1 microtype config. file: AMS symbols (a) (RS)
)
LaTeX Font Info:    Trying to load font information for U+msb on input line 163
.

(/usr/share/texlive/texmf-dist/tex/latex/amsfonts/umsb.fd
File: umsb.fd 2013/01/14 v3.01 AMS symbols B
)
(/usr/share/texlive/texmf-dist/tex/latex/microtype/mt-msb.cfg
File: mt-msb.cfg 2005/06/01 v1.0 microtype config. file: AMS symbols (b) (RS)
)
LaTeX Font Info:    Font shape `TU/NotoSerifCJK-Regular.ttc(0)/m/n' will be
(Font)              scaled to size 12.85861pt on input line 163.
LaTeX Font Info:    Font shape `TU/LiberationSerif(0)/m/n' will be
(Font)              scaled to size 18.0pt on input line 167.
LaTeX Font Info:    Font shape `TU/LiberationSerif(0)/b/n' will be
(Font)              scaled to size 18.0pt on input line 167.

No file report_full2.toc.
\tf@toc=\write4
\openout4 = `report_full2.toc'.

[1

]
LaTeX Font Info:    Font shape `TU/NotoSerifCJK-Regular.ttc(0)/b/n' will be
(Font)              scaled to size 16.07327pt on input line 172.
LaTeX Font Info:    Font shape `TU/NotoSerifCJK-Regular.ttc(0)/m/n' will be
(Font)              scaled to size 10.71552pt on input line 174.
 [2]
LaTeX Font Info:    Font shape `TU/LiberationSerif(0)/m/n' will be
(Font)              scaled to size 14.0pt on input line 187.
LaTeX Font Info:    Font shape `TU/LiberationSerif(0)/b/n' will be
(Font)              scaled to size 14.0pt on input line 187.
LaTeX Font Info:    Font shape `TU/NotoSerifCJK-Regular.ttc(0)/b/n' will be
(Font)              scaled to size 12.50143pt on input line 187.
LaTeX Font Info:    Font shape `TU/LiberationSerif(0)/b/n' will be
(Font)              scaled to size 12.0pt on input line 193.

Package fontspec Info: NotoSansCJK-Regular scale = 0.8452722734021179.


Package fontspec Info: NotoSansCJK-Regular scale = 0.8452722734021179.

LaTeX Font Info:    Font shape `TU/LiberationMono(0)/b/n' will be
(Font)              scaled to size 10.42511pt on input line 193.

Package fontspec Info: NotoSansCJK-Regular scale = 0.8452722734021179.


Package fontspec Info: NotoSansCJK-Regular scale = 0.8452722734021179.


Package fontspec Info: NotoSansCJK-Regular scale = 0.8452722734021179.


Package fontspec Info: Font family 'NotoSansCJK-Regular.ttc(0)' created for
(fontspec)             font 'NotoSansCJK-Regular.ttc' with options
(fontspec)             [Scale=MatchLowercase,Script={CJK},Path={/usr/share/font
s/google-noto-sans-cjk-fonts/},FontIndex={3}].
(fontspec)              
(fontspec)              This font family consists of the following NFSS
(fontspec)             series/shapes:
(fontspec)              
(fontspec)             - 'normal' (m/n) with NFSS spec.:
(fontspec)             <->s*[0.8452722734021179]"[/usr/share/fonts/google-noto-
sans-cjk-fonts/NotoSansCJK-Regular.ttc:3]/OT:script=hani;language=dflt;"
(fontspec)             - 'small caps'  (m/sc) with NFSS spec.: 
(fontspec)             - 'bold' (b/n) with NFSS spec.:
(fontspec)             <->s*[0.8452722734021179]"[/usr/share/fonts/google-noto-
sans-cjk-fonts/NotoSansCJK-Regular.ttc:3]/OT:script=hani;language=dflt;"
(fontspec)             - 'bold small caps'  (b/sc) with NFSS spec.: 
(fontspec)             - 'italic' (m/it) with NFSS spec.:
(fontspec)             <->s*[0.8452722734021179]"[/usr/share/fonts/google-noto-
sans-cjk-fonts/NotoSansCJK-Regular.ttc:3]/OT:script=hani;language=dflt;"
(fontspec)             - 'italic small caps'  (m/scit) with NFSS spec.: 
(fontspec)             - 'bold italic' (b/it) with NFSS spec.:
(fontspec)             <->s*[0.8452722734021179]"[/usr/share/fonts/google-noto-
sans-cjk-fonts/NotoSansCJK-Regular.ttc:3]/OT:script=hani;language=dflt;"
(fontspec)             - 'bold italic small caps'  (b/scit) with NFSS spec.: 

LaTeX Font Info:    Font shape `TU/LiberationMono(0)/m/n' will be
(Font)              scaled to size 10.42511pt on input line 193.

Underfull \hbox (badness 3068) in paragraph at lines 195--199
[]\TU/LiberationMono(0)/b/n/12 lexer.py\TU/NotoSerifCJK-Regular.ttc(0)/m/n/12 ：
|  詞 法 分 析 層。| \TU/LiberationMono(0)/m/n/12 preprocess() \TU/NotoSerifCJK-Regul
ar.ttc(0)/m/n/12 負 責 展 開 無 參 數 \TU/LiberationMono(0)/m/n/12 #define \TU/NotoSer
ifCJK-Regular.ttc(0)/m/n/12 巨 集；|
 []

File: ../uml/packages_SmallC.png Graphic file (type bmp)
<../uml/packages_SmallC.png>
[3] [4]
LaTeX Font Info:    Font shape `TU/NotoSansCJK-Regular.ttc(0)/m/n' will be
(Font)              scaled to size 10.14331pt on input line 258.
LaTeX Font Info:    Font shape `TU/latinmodern-math.otf(1)/m/n' will be
(Font)              scaled to size 8.94536pt on input line 275.
LaTeX Font Info:    Font shape `TU/latinmodern-math.otf(1)/m/n' will be
(Font)              scaled to size 6.38956pt on input line 275.
LaTeX Font Info:    Font shape `TU/latinmodern-math.otf(2)/m/n' will be
(Font)              scaled to size 12.7804pt on input line 275.
LaTeX Font Info:    Font shape `TU/latinmodern-math.otf(2)/m/n' will be
(Font)              scaled to size 8.94626pt on input line 275.
LaTeX Font Info:    Font shape `TU/latinmodern-math.otf(2)/m/n' will be
(Font)              scaled to size 6.3902pt on input line 275.
LaTeX Font Info:    Font shape `TU/latinmodern-math.otf(3)/m/n' will be
(Font)              scaled to size 12.77783pt on input line 275.
LaTeX Font Info:    Font shape `TU/latinmodern-math.otf(3)/m/n' will be
(Font)              scaled to size 8.94447pt on input line 275.
LaTeX Font Info:    Font shape `TU/latinmodern-math.otf(3)/m/n' will be
(Font)              scaled to size 6.38892pt on input line 275.
File: ../uml/classes_ast.png Graphic file (type bmp)
<../uml/classes_ast.png>
File: ../uml/classes_runtime.png Graphic file (type bmp)
<../uml/classes_runtime.png>
LaTeX Font Info:    Font shape `TU/NotoSerifCJK-Regular.ttc(0)/b/n' will be
(Font)              scaled to size 10.71552pt on input line 304.
 [5] [6] [7]
! Missing } inserted.
<inserted text> 
                }
l.413 \end{longtable}
                     
I've inserted something that you may have forgotten.
(See the <inserted text> above.)
With luck, this will get me unwedged. But if you
really didn't forget anything, try typing `2' now; then
my insertion and my current dilemma will both disappear.

! Extra }, or forgotten \endgroup.
\endminipage ...pagefalse \color@endgroup \egroup 
                                                  \expandafter \@iiiparbox \...
l.413 \end{longtable}
                     
I've deleted a group-closing symbol because it seems to be
spurious, as in `$x}$'. But perhaps the } is legitimate and
you forgot something else, as in `\hbox{$x}'. In such cases
the way to recover is to insert both the forgotten and the
deleted material, e.g., by typing `I$}'.

! Undefined control sequence.
\endminipage ...\expandafter \@iiiparbox \@mpargs 
                                                  {\unvbox \@tempboxa }
l.413 \end{longtable}
                     
The control sequence at the end of the top line
of your error message was never \def'ed. If you have
misspelled it (e.g., `\hobx'), type `I' and the correct
spelling (e.g., `I\hbox'). Otherwise just continue,
and I'll forget about whatever was undefined.

! Missing number, treated as zero.
<to be read again> 
                   @
l.487 \toprule
              \noalign{}
A number should have been here; I inserted `0'.
(If you can't figure out why I needed to see a number,
look up `weird error' in the index to The TeXbook.)

! Illegal unit of measure (pt inserted).
<to be read again> 
                   @
l.487 \toprule
              \noalign{}
Dimensions can be in units of em, ex, in, pt, pc,
cm, mm, dd, cc, bp, or sp; but yours is a new one!
I'll assume that you meant to say pt, for printer's points.
To recover gracefully from this error, it's best to
delete the erroneous units; e.g., type `2' to delete
two letters. (See Chapter 27 of The TeXbook.)


! Package calc Error: `@' invalid at this point.

See the calc package documentation for explanation.
Type  H <return>  for immediate help.
 ...                                              
                                                  
l.487 \toprule
              \noalign{}
I expected to see one of: + - * / )

! Misplaced \noalign.
\toprule ->\noalign 
                    {\ifnum 0=`}\fi \@aboverulesep =\abovetopsep \global \@b...
l.487 \toprule
              \noalign{}
I expect to see \noalign only after the \cr of
an alignment. Proceed, and I'll ignore this case.

Runaway argument?
{\@checkend {minipage}\expandafter \endgroup \if@endpe \@doendpe \fi \ETC.
! Paragraph ended before \calc@assign@generic was complete.
<to be read again> 
                   \par 
l.487 \toprule
              \noalign{}
I suspect you've forgotten a `}', causing me to apply this
control sequence to too much text. How can we recover?
My plan is to forget the whole thing and hope for the best.

Runaway argument?
 assignment → logic_or → logic_and → bit_or → bit_xor → bit\ETC.
! Paragraph ended before \@xverbatim was complete.
<to be read again> 
                   \par 
l.487 \toprule
              \noalign{}
I suspect you've forgotten a `}', causing me to apply this
control sequence to too much text. How can we recover?
My plan is to forget the whole thing and hope for the best.


Underfull \hbox (badness 10000) in paragraph at lines 487--487
[] \TU/NotoSansCJK-Regular.ttc(0)/m/n/12 每 一 層 對 應 一 個 私 有 方 法 （ 如  \TU/Liberat
ionMono(0)/m/n/12 _assignment() \TU/NotoSansCJK-Regular.ttc(0)/m/n/12 、 \TU/Lib
erationMono(0)/m/n/12 _logic_or()
 []

LaTeX Font Info:    Font shape `TU/NotoSansCJK-Regular.ttc(0)/b/n' will be
(Font)              scaled to size 10.14331pt on input line 487.

Underfull \hbox (badness 3428) in paragraph at lines 487--487
[] \TU/NotoSansCJK-Regular.ttc(0)/b/n/12 語 法 上 ， \TU/LiberationMono(0)/m/n/12 i
nt foo(...)  \TU/NotoSansCJK-Regular.ttc(0)/b/n/12 與  \TU/LiberationMono(0)/m/n
/12 int foo;  \TU/NotoSansCJK-Regular.ttc(0)/b/n/12 的 開 頭 相 同 ， 無 法 僅 憑 一 個  \T
U/LiberationMono(0)/m/n/12 Token
 []

LaTeX Font Info:    Font shape `TU/LiberationMono(0)/m/n' will be
(Font)              scaled to size 12.16263pt on input line 487.
LaTeX Font Info:    Font shape `TU/LiberationMono(0)/b/n' will be
(Font)              scaled to size 12.16263pt on input line 487.
LaTeX Font Info:    Font shape `TU/NotoSansCJK-Regular.ttc(0)/b/n' will be
(Font)              scaled to size 11.83386pt on input line 487.

Underfull \hbox (badness 10000) in paragraph at lines 487--487
[]\TU/LiberationMono(0)/b/n/12 execute(program) \TU/NotoSansCJK-Regular.ttc(0)/
b/n/12 ： 用 於  \TU/LiberationMono(0)/m/n/12 RUN  \TU/NotoSansCJK-Regular.ttc(0)/
b/n/12 指 令 ， 要 求 程 式 頂 層 含 有  \TU/LiberationMono(0)/m/n/12 main()
 []


Underfull \hbox (badness 10000) in paragraph at lines 487--487
\TU/NotoSansCJK-Regular.ttc(0)/b/n/12 函 式 。 先 掃 描 頂 層 節 點 ， 收 集 所 有 函 式 定 義 存 入
  \TU/LiberationMono(0)/m/n/12 self.funcs
 []


Overfull \hbox (267.09386pt too wide) in paragraph at lines 487--487
[]\TU/LiberationMono(0)/b/n/12 execute_interactive(program) \TU/NotoSansCJK-Reg
ular.ttc(0)/b/n/12 ： 用 於  \TU/LiberationMono(0)/m/n/12 REPL  \TU/NotoSansCJK-Re
gular.ttc(0)/b/n/12 互 動 輸 入 ， 直 接 執 行 片 段 程 式 碼 ， 不 要 求  \TU/LiberationMono(0)/
m/n/12 main() \TU/NotoSansCJK-Regular.ttc(0)/b/n/12 ， 函 式 定 義 會 累 積 在  \TU/Libe
rationMono(0)/m/n/12 self.funcs
 []


Underfull \hbox (badness 10000) in paragraph at lines 487--487
\TU/LiberationMono(0)/m/n/12 break \TU/NotoSansCJK-Regular.ttc(0)/b/n/12 、 \TU/
LiberationMono(0)/m/n/12 continue \TU/NotoSansCJK-Regular.ttc(0)/b/n/12 、 \TU/L
iberationMono(0)/m/n/12 return  \TU/NotoSansCJK-Regular.ttc(0)/b/n/12 不 以 旗 標 或
 全 域 狀 態 傳 遞 ， 而 是 以  \TU/LiberationMono(0)/m/n/12 Python
 []

! Argument of \LT@array has an extra }.
<inserted text> 
                \par 
l.487 \toprule
              \noalign{}
I've run across a `}' that doesn't seem to match anything.
For example, `\def\a#1{...}' and `\a}' would produce
this error. If you simply proceed now, the `\par' that
I've just inserted will cause me to report a runaway
argument that might be the root of the problem. But if
your `}' was spurious, just type `2' and it will go away.

Runaway argument?
! Paragraph ended before \LT@array was complete.
<to be read again> 
                   \par 
l.487 \toprule
              \noalign{}
I suspect you've forgotten a `}', causing me to apply this
control sequence to too much text. How can we recover?
My plan is to forget the whole thing and hope for the best.

! Extra }, or forgotten \endgroup.
<recently read> }
                 
l.487 \toprule
              \noalign{}
I've deleted a group-closing symbol because it seems to be
spurious, as in `$x}$'. But perhaps the } is legitimate and
you forgot something else, as in `\hbox{$x}'. In such cases
the way to recover is to insert both the forgotten and the
deleted material, e.g., by typing `I$}'.


Overfull \hbox (144.15593pt too wide) in paragraph at lines 506--506
[] \TU/NotoSansCJK-Regular.ttc(0)/b/n/12 此 設 計 的 優 點 是 程 式 碼 簡 潔 \TU/Liberation
Mono(0)/m/n/12 ------ \TU/NotoSansCJK-Regular.ttc(0)/b/n/12 不 需 要 在 每 個 遞 迴 呼 叫
 中 傳 遞 「 是 否 需 要 中 斷 」 的 狀 態 ， 結 構 清 晰 地 反 映 了 
 []


Overfull \hbox (239.18126pt too wide) in paragraph at lines 537--537
[]    \TU/LiberationMono(0)/m/n/12 \StringTok{\textquotesingle{}printf\textquot
esingle{}}\NormalTok{:  }\VariableTok{self}\NormalTok{.\_printf,} 
 []


Overfull \hbox (230.8398pt too wide) in paragraph at lines 538--538
[]    \TU/LiberationMono(0)/m/n/12 \StringTok{\textquotesingle{}scanf\textquote
single{}}\NormalTok{:   }\VariableTok{self}\NormalTok{.\_scanf,} 
 []


Overfull \hbox (239.18126pt too wide) in paragraph at lines 539--539
[]    \TU/LiberationMono(0)/m/n/12 \StringTok{\textquotesingle{}strlen\textquot
esingle{}}\NormalTok{:  }\VariableTok{self}\NormalTok{.\_strlen,} 
 []


Overfull \hbox (222.49838pt too wide) in paragraph at lines 540--540
[]    \TU/LiberationMono(0)/m/n/12 \StringTok{\textquotesingle{}sqrt\textquotes
ingle{}}\NormalTok{:    }\VariableTok{self}\NormalTok{.\_sqrt,} 
 []


Overfull \hbox (183.7778pt too wide) in paragraph at lines 551--551
[]  \TU/LiberationMono(0)/m/n/12 \textbf{ \TU/NotoSansCJK-Regular.ttc(0)/b/n/12
 統 一 參 數 型 別 \TU/LiberationMono(0)/m/n/12 } \TU/NotoSansCJK-Regular.ttc(0)/b/n/
12 ： 所 有 內 建 函 式 接 收 已 求 值 的 整 數 引 數 ； 字 串 引 數 以 記 憶 體 位 址 傳 遞 ， 由 內 建 函 式 內 部 
呼 叫 
 []


Overfull \hbox (246.33849pt too wide) in paragraph at lines 555--555
[]  \TU/LiberationMono(0)/m/n/12 \texttt{\%d} \TU/NotoSansCJK-Regular.ttc(0)/b/
n/12 、 \TU/LiberationMono(0)/m/n/12 \texttt{\%c} \TU/NotoSansCJK-Regular.ttc(0)
/b/n/12 、 \TU/LiberationMono(0)/m/n/12 \texttt{\%s} \TU/NotoSansCJK-Regular.ttc
(0)/b/n/12 、 \TU/LiberationMono(0)/m/n/12 \texttt{\%x} \TU/NotoSansCJK-Regular.
ttc(0)/b/n/12 、 \TU/LiberationMono(0)/m/n/12 \texttt{\%\%} \TU/NotoSansCJK-Regu
lar.ttc(0)/b/n/12 ， 不 支 援 欄 位 寬 度 等 進 階 格 式 ， 符 合 作 業 規 格 。 
 []


Overfull \hbox (608.2903pt too wide) in paragraph at lines 567--567
[]\TU/LiberationMono(0)/m/n/12 \subsubsection{\texorpdfstring{ \TU/NotoSansCJK-
Regular.ttc(0)/b/n/12 多 行 輸 入 收 集 ： \TU/LiberationMono(0)/m/n/12 \texttt{ReplIn
putCollector}}{ \TU/NotoSansCJK-Regular.ttc(0)/b/n/12 多 行 輸 入 收 集 ： \TU/Liberat
ionMono(0)/m/n/12 ReplInputCollector}}\label{ux591aux884cux8f38ux5165ux6536ux96
c6replinputcollector} 
 []


Underfull \hbox (badness 10000) in paragraph at lines 573--573
[]  \TU/LiberationMono(0)/m/n/12 >{\raggedright\arraybackslash}p{(\linewidth -
 []


Underfull \hbox (badness 10000) in paragraph at lines 574--574
[]  \TU/LiberationMono(0)/m/n/12 >{\raggedright\arraybackslash}p{(\linewidth -
 []


Underfull \hbox (badness 10000) in paragraph at lines 575--575
[]  \TU/LiberationMono(0)/m/n/12 >{\raggedright\arraybackslash}p{(\linewidth -
 []


Underfull \hbox (badness 10000) in paragraph at lines 614--614
[]  \TU/LiberationMono(0)/m/n/12 >{\raggedright\arraybackslash}p{(\linewidth -
 []


Underfull \hbox (badness 10000) in paragraph at lines 615--615
[]  \TU/LiberationMono(0)/m/n/12 >{\raggedright\arraybackslash}p{(\linewidth -
 []


Underfull \hbox (badness 10000) in paragraph at lines 616--616
[]  \TU/LiberationMono(0)/m/n/12 >{\raggedright\arraybackslash}p{(\linewidth -
 []


Overfull \hbox (38.98659pt too wide) in paragraph at lines 632--632
[]\TU/LiberationMono(0)/m/n/12 \texttt{LIST} \TU/NotoSansCJK-Regular.ttc(0)/b/n
/12 、 \TU/LiberationMono(0)/m/n/12 \texttt{EDIT} \TU/NotoSansCJK-Regular.ttc(0)
/b/n/12 、 \TU/LiberationMono(0)/m/n/12 \texttt{DELETE} \TU/NotoSansCJK-Regular.
ttc(0)/b/n/12 、 \TU/LiberationMono(0)/m/n/12 \texttt{INSERT} \TU/NotoSansCJK-Re
gular.ttc(0)/b/n/12 、 \TU/LiberationMono(0)/m/n/12 \texttt{APPEND} 
 []


Overfull \hbox (157.85222pt too wide) in paragraph at lines 643--643
[]\TU/LiberationMono(0)/m/n/12 \section{ \TU/NotoSansCJK-Regular.ttc(0)/b/n/12 
符 號 表 的 資 料 結 構 設 計 \TU/LiberationMono(0)/m/n/12 }\label{ux7b26ux865fux8868ux76
84ux8cc7ux6599ux7d50ux69cbux8a2dux8a08} 
 []


Overfull \hbox (388.14337pt too wide) in paragraph at lines 648--648
[] \TU/NotoSansCJK-Regular.ttc(0)/b/n/12 程 式 執 行 期 間 所 有 變 數 的 名 稱 、 型 別 與 記 憶 
體 位 址 的 對 應 關 係 。 它 刻 意 與 記 憶 體 讀 寫 分 離 ： 符 號 表 只 管 「 名 稱 \TU/LiberationMono(0)
/m/n/12 → \TU/NotoSansCJK-Regular.ttc(0)/b/n/12 位 址 」 的 對 映 ， 實 際 的 數 值 讀 寫 一 律
 委 派 給 
 []


Underfull \hbox (badness 10000) in paragraph at lines 656--656
[]  \TU/LiberationMono(0)/m/n/12 >{\raggedright\arraybackslash}p{(\linewidth -
 []


Underfull \hbox (badness 10000) in paragraph at lines 657--657
[]  \TU/LiberationMono(0)/m/n/12 >{\raggedright\arraybackslash}p{(\linewidth -
 []


Underfull \hbox (badness 10000) in paragraph at lines 658--658
[]  \TU/LiberationMono(0)/m/n/12 >{\raggedright\arraybackslash}p{(\linewidth -
 []


Overfull \hbox (549.90012pt too wide) in paragraph at lines 673--673
[] \TU/NotoSansCJK-Regular.ttc(0)/b/n/12 型 別 （ \TU/LiberationMono(0)/m/n/12 \te
xttt{\textquotesingle{}int\textquotesingle{}} \TU/NotoSansCJK-Regular.ttc(0)/b/
n/12 、 \TU/LiberationMono(0)/m/n/12 \texttt{\textquotesingle{}char\textquotesin
gle{}} \TU/NotoSansCJK-Regular.ttc(0)/b/n/12 、 \TU/LiberationMono(0)/m/n/12 \te
xttt{\textquotesingle{}void\textquotesingle{}} \TU/NotoSansCJK-Regular.ttc(0)/b
/n/12 ）  \TU/LiberationMono(0)/m/n/12 \\ 
 []


Overfull \hbox (2.35121pt too wide) in paragraph at lines 688--688
[]    \TU/LiberationMono(0)/m/n/12 { []x[]: Symbol, []arr[]: Symbol, ... },   ←
 scopes[0] \TU/NotoSansCJK-Regular.ttc(0)/b/n/12 ： 全 域 作 用 域 （ 永 久 存 在 ） 
 []


Overfull \hbox (202.54588pt too wide) in paragraph at lines 699--699
[]  \TU/LiberationMono(0)/m/n/12 \textbf{\texttt{pop\_scope()}} \TU/NotoSansCJK
-Regular.ttc(0)/b/n/12 ： 函 式 返 回 時 移 除 最 內 層 ； 全 域 作 用 域 （ \TU/LiberationMono(0
)/m/n/12 \texttt{scopes{[}0{]}} \TU/NotoSansCJK-Regular.ttc(0)/b/n/12 ） 永 遠 不 被
 移 除 。 
 []


Overfull \hbox (126.5718pt too wide) in paragraph at lines 720--720
[]\TU/LiberationMono(0)/m/n/12 \subsection{ \TU/NotoSansCJK-Regular.ttc(0)/b/n/
12 數 值 讀 寫 的 型 別 感 知 \TU/LiberationMono(0)/m/n/12 }\label{ux6578ux503cux8b80ux5
bebux7684ux578bux5225ux611fux77e5} 
 []


Overfull \hbox (157.85222pt too wide) in paragraph at lines 739--739
[]\TU/LiberationMono(0)/m/n/12 \section{ \TU/NotoSansCJK-Regular.ttc(0)/b/n/12 
記 憶 體 模 型 的 模 擬 方 式 \TU/LiberationMono(0)/m/n/12 }\label{ux8a18ux61b6ux9ad4ux6a
21ux578bux7684ux6a21ux64ecux65b9ux5f0f} 
 []


Overfull \hbox (120.3157pt too wide) in paragraph at lines 749--749
[]\TU/LiberationMono(0)/m/n/12 Allocator \TU/NotoSansCJK-Regular.ttc(0)/b/n/12 
（ 線 性 堆 疊 配 置 器 ） \TU/LiberationMono(0)/m/n/12 }\label{bump-allocatorux7ddaux60
27ux5806ux758aux914dux7f6eux5668} 
 []


Overfull \hbox (27.37563pt too wide) in paragraph at lines 769--769
[]   \TU/NotoSansCJK-Regular.ttc(0)/b/n/12 回 退 到 指 定 位 址 ， 一 次 性 釋 放 其 上 方 的 所 
有 空 間 。 在 函 式 返 回 時 ， 直 譯 器 記 錄 呼 叫 前 的 
 []


Overfull \hbox (26.47441pt too wide) in paragraph at lines 780--780
[]\TU/LiberationMono(0)/m/n/12 \subsection{ \TU/NotoSansCJK-Regular.ttc(0)/b/n/
12 資 料 型 別 的 模 擬 \TU/LiberationMono(0)/m/n/12 }\label{ux8cc7ux6599ux578bux5225u
x7684ux6a21ux64ec} 
 []


Underfull \hbox (badness 10000) in paragraph at lines 783--783
[]  \TU/LiberationMono(0)/m/n/12 >{\raggedright\arraybackslash}p{(\linewidth -
 []


Underfull \hbox (badness 10000) in paragraph at lines 784--784
[]  \TU/LiberationMono(0)/m/n/12 >{\raggedright\arraybackslash}p{(\linewidth -
 []


Underfull \hbox (badness 10000) in paragraph at lines 785--785
[]  \TU/LiberationMono(0)/m/n/12 >{\raggedright\arraybackslash}p{(\linewidth -
 []


Underfull \hbox (badness 10000) in paragraph at lines 786--786
[]  \TU/LiberationMono(0)/m/n/12 >{\raggedright\arraybackslash}p{(\linewidth -
 []


Overfull \hbox (82.77914pt too wide) in paragraph at lines 813--813
[]\TU/LiberationMono(0)/m/n/12 \KeywordTok{def}\NormalTok{ int32(value: }\Built
InTok{int}\NormalTok{) }\OperatorTok{{-
 []


Overfull \hbox (837.68004pt too wide) in paragraph at lines 815--815
[]    \TU/LiberationMono(0)/m/n/12 \ControlFlowTok{return}\NormalTok{ ((value }
\OperatorTok{+} \DecValTok{2}\OperatorTok{**}\DecValTok{31}\NormalTok{) }\Opera
torTok{\%} \DecValTok{2}\OperatorTok{**}\DecValTok{32}\NormalTok{) }\OperatorTo
k{{-
 []


Overfull \hbox (210.88745pt too wide) in paragraph at lines 820--820
[] \TU/NotoSansCJK-Regular.ttc(0)/b/n/12 大 整 數 的 溢 位 行 為 ， 避 免 使 用 位 元 遮 罩 （ \T
U/LiberationMono(0)/m/n/12 \texttt{\&\ 0xFFFFFFFF} \TU/NotoSansCJK-Regular.ttc(
0)/b/n/12 ） 後 再 補 號 的 繁 瑣 寫 法 。 作 為 模 組 層 級 函 式 ， 可 直 接 被 
 []


Overfull \hbox (207.9009pt too wide) in paragraph at lines 846--846
[]\TU/LiberationMono(0)/m/n/12 \section{ \TU/NotoSansCJK-Regular.ttc(0)/b/n/12 
測 試 策 略 與 測 試 結 果 分 析 \TU/LiberationMono(0)/m/n/12 }\label{ux6e2cux8a66ux7b56ux
7565ux8207ux6e2cux8a66ux7d50ux679cux5206ux6790} 
 []


Overfull \hbox (26.47441pt too wide) in paragraph at lines 848--848
[]\TU/LiberationMono(0)/m/n/12 \subsection{ \TU/NotoSansCJK-Regular.ttc(0)/b/n/
12 測 試 集 設 計 策 略 \TU/LiberationMono(0)/m/n/12 }\label{ux6e2cux8a66ux96c6ux8a2du
x8a08ux7b56ux7565} 
 []


Underfull \hbox (badness 10000) in paragraph at lines 859--859
[]  \TU/LiberationMono(0)/m/n/12 >{\raggedright\arraybackslash}p{(\linewidth -
 []


Underfull \hbox (badness 10000) in paragraph at lines 860--860
[]  \TU/LiberationMono(0)/m/n/12 >{\raggedright\arraybackslash}p{(\linewidth -
 []


Underfull \hbox (badness 10000) in paragraph at lines 861--861
[]  \TU/LiberationMono(0)/m/n/12 >{\raggedright\arraybackslash}p{(\linewidth -
 []


Underfull \hbox (badness 10000) in paragraph at lines 905--905
[]  \TU/LiberationMono(0)/m/n/12 >{\raggedright\arraybackslash}p{(\linewidth -
 []


Underfull \hbox (badness 10000) in paragraph at lines 906--906
[]  \TU/LiberationMono(0)/m/n/12 >{\raggedright\arraybackslash}p{(\linewidth -
 []


Underfull \hbox (badness 10000) in paragraph at lines 907--907
[]  \TU/LiberationMono(0)/m/n/12 >{\raggedright\arraybackslash}p{(\linewidth -
 []


Overfull \hbox (558.24168pt too wide) in paragraph at lines 930--930
[]\TU/LiberationMono(0)/m/n/12 \section{ \TU/NotoSansCJK-Regular.ttc(0)/b/n/12 
開 發 過 程 中 遭 遇 的 主 要 困 難 及 其 解 決 方 案 \TU/LiberationMono(0)/m/n/12 }\label{ux958b
ux767cux904eux7a0bux4e2dux906dux9047ux7684ux4e3bux8981ux56f0ux96e3ux53caux5176u
x89e3ux6c7aux65b9ux6848} 
 []


Underfull \hbox (badness 10000) in paragraph at lines 935--935
[]  \TU/LiberationMono(0)/m/n/12 >{\raggedright\arraybackslash}p{(\linewidth -
 []


Underfull \hbox (badness 10000) in paragraph at lines 936--936
[]  \TU/LiberationMono(0)/m/n/12 >{\raggedright\arraybackslash}p{(\linewidth -
 []


Underfull \hbox (badness 10000) in paragraph at lines 937--937
[]  \TU/LiberationMono(0)/m/n/12 >{\raggedright\arraybackslash}p{(\linewidth -
 []


Overfull \hbox (107.80354pt too wide) in paragraph at lines 971--971
[]\TU/LiberationMono(0)/m/n/12 \section{ \TU/NotoSansCJK-Regular.ttc(0)/b/n/12 
工 作 分 配 與 貢 獻 說 明 \TU/LiberationMono(0)/m/n/12 }\label{ux5de5ux4f5cux5206ux914d
ux8207ux8ca2ux737bux8aaaux660e} 
 []


Underfull \hbox (badness 10000) in paragraph at lines 976--976
[]  \TU/LiberationMono(0)/m/n/12 >{\raggedright\arraybackslash}p{(\linewidth -
 []


Underfull \hbox (badness 10000) in paragraph at lines 977--977
[]  \TU/LiberationMono(0)/m/n/12 >{\raggedright\arraybackslash}p{(\linewidth -
 []


Underfull \hbox (badness 10000) in paragraph at lines 978--978
[]  \TU/LiberationMono(0)/m/n/12 >{\raggedright\arraybackslash}p{(\linewidth -
 []


Overfull \hbox (126.57176pt too wide) in paragraph at lines 1011--1011
[] \TU/NotoSansCJK-Regular.ttc(0)/b/n/12 語 言 支 援 範 圍 摘 要 \TU/LiberationMono(0)/
m/n/12 }\label{ux9644ux9304small-c-ux8a9eux8a00ux652fux63f4ux7bc4ux570dux6458ux
8981} 
 []


Overfull \hbox (26.47441pt too wide) in paragraph at lines 1013--1013
[]\TU/LiberationMono(0)/m/n/12 \subsection{ \TU/NotoSansCJK-Regular.ttc(0)/b/n/
12 支 援 的 語 言 特 性 \TU/LiberationMono(0)/m/n/12 }\label{ux652fux63f4ux7684ux8a9eu
x8a00ux7279ux6027} 
 []


Underfull \hbox (badness 10000) in paragraph at lines 1016--1016
[]  \TU/LiberationMono(0)/m/n/12 >{\raggedright\arraybackslash}p{(\linewidth -
 []


Underfull \hbox (badness 10000) in paragraph at lines 1017--1017
[]  \TU/LiberationMono(0)/m/n/12 >{\raggedright\arraybackslash}p{(\linewidth -
 []


Overfull \hbox (45.24261pt too wide) in paragraph at lines 1031--1031
[]\TU/LiberationMono(0)/m/n/12 \texttt{\textbackslash{}n}/\texttt{\textbackslas
h{}t}/\texttt{\textbackslash{}0} 
 []


Underfull \hbox (badness 10000) in paragraph at lines 1035--1035
[]\TU/LiberationMono(0)/m/n/12 \texttt{++}/\texttt{-\/-} \TU/NotoSansCJK-Regula
r.ttc(0)/b/n/12 、 複 合 賦 值 （ \TU/LiberationMono(0)/m/n/12 \texttt{+=}/\texttt{-
 []


Overfull \hbox (262.12027pt too wide) in paragraph at lines 1038--1038
\TU/LiberationMono(0)/m/n/12 while} \TU/NotoSansCJK-Regular.ttc(0)/b/n/12 、 \TU
/LiberationMono(0)/m/n/12 \texttt{for} \TU/NotoSansCJK-Regular.ttc(0)/b/n/12 、 
\TU/LiberationMono(0)/m/n/12 \texttt{break} \TU/NotoSansCJK-Regular.ttc(0)/b/n/
12 、 \TU/LiberationMono(0)/m/n/12 \texttt{continue} \TU/NotoSansCJK-Regular.ttc
(0)/b/n/12 、 \TU/LiberationMono(0)/m/n/12 \texttt{return} \TU/NotoSansCJK-Regul
ar.ttc(0)/b/n/12 、 \TU/LiberationMono(0)/m/n/12 \texttt{switch}/\texttt{case} \
TU/NotoSansCJK-Regular.ttc(0)/b/n/12 （ \TU/LiberationMono(0)/m/n/12 bonus \TU/N
otoSansCJK-Regular.ttc(0)/b/n/12 ）  \TU/LiberationMono(0)/m/n/12 \\ 
 []


Underfull \hbox (badness 10000) in paragraph at lines 1047--1047
[]  \TU/LiberationMono(0)/m/n/12 >{\raggedright\arraybackslash}p{(\linewidth -
 []


Underfull \hbox (badness 10000) in paragraph at lines 1048--1048
[]  \TU/LiberationMono(0)/m/n/12 >{\raggedright\arraybackslash}p{(\linewidth -
 []


Overfull \hbox (68.18164pt too wide) in paragraph at lines 1060--1060
[]\TU/LiberationMono(0)/m/n/12 \texttt{float} \TU/NotoSansCJK-Regular.ttc(0)/b/
n/12 、 \TU/LiberationMono(0)/m/n/12 \texttt{double} \TU/NotoSansCJK-Regular.ttc
(0)/b/n/12 、 \TU/LiberationMono(0)/m/n/12 \texttt{long} \TU/NotoSansCJK-Regular
.ttc(0)/b/n/12 、 \TU/LiberationMono(0)/m/n/12 \texttt{short} \TU/NotoSansCJK-Re
gular.ttc(0)/b/n/12 、 \TU/LiberationMono(0)/m/n/12 \texttt{unsigned} \\ 
 []


Overfull \hbox (136.99861pt too wide) in paragraph at lines 1062--1062
[]\TU/LiberationMono(0)/m/n/12 \texttt{struct} \TU/NotoSansCJK-Regular.ttc(0)/b
/n/12 、 \TU/LiberationMono(0)/m/n/12 \texttt{union} \TU/NotoSansCJK-Regular.ttc
(0)/b/n/12 、 \TU/LiberationMono(0)/m/n/12 \texttt{enum} \TU/NotoSansCJK-Regular
.ttc(0)/b/n/12 、 \TU/LiberationMono(0)/m/n/12 \texttt{typedef} \TU/NotoSansCJK-
Regular.ttc(0)/b/n/12 、 多 層 指 標 （ \TU/LiberationMono(0)/m/n/12 \texttt{int**} \
TU/NotoSansCJK-Regular.ttc(0)/b/n/12 ）  \TU/LiberationMono(0)/m/n/12 \\ 
 []

)
! Emergency stop.
<*> report_full2.tex
                    
*** (job aborted, no legal \end found)

 
Here is how much of TeX's memory you used:
 22417 strings out of 478644
 446002 string characters out of 5847964
 1941018 words of memory out of 6000000
 42199 multiletter control sequences out of 15000+600000
 519554 words of font info for 120 fonts, out of 8000000 for 9000
 34 hyphenation exceptions out of 8191
 86i,9n,123p,1201b,1026s stack positions out of 10000i,1000n,20000p,200000b,200000s
Output written on report_full2.pdf (7 pages).
